2025-12-11 14:57:22.435: [INFO] VisibilityChanged: 0
2025-12-11 14:57:22.482: [INFO] RecordSyncInitDuration has_sync_been_enabled: 0 state: 0
2025-12-11 14:57:22.483: [INFO] RecordSyncInitDuration has_sync_been_enabled: 0 state: 0
2025-12-11 14:57:22.484: [INFO] RecordSyncInitDuration has_sync_been_enabled: 0 state: 0
2025-12-11 14:57:22.485: [INFO] RecordSyncInitDuration has_sync_been_enabled: 0 state: 0
2025-12-11 14:57:22.486: [INFO] RecordSyncInitDuration has_sync_been_enabled: 0 state: 0
2025-12-11 14:57:22.487: [INFO] RecordSyncInitDuration has_sync_been_enabled: 0 state: 0
2025-12-11 14:57:22.488: [INFO] RecordSyncInitDuration has_sync_been_enabled: 0 state: 0
2025-12-11 14:57:22.488: [INFO] RecordSyncInitDuration has_sync_been_enabled: 0 state: 0
2025-12-11 14:57:22.489: [INFO] RecordSyncInitDuration has_sync_been_enabled: 0 state: 0
2025-12-11 14:57:22.489: [INFO] RecordSyncInitDuration has_sync_been_enabled: 0 state: 0
2025-12-11 14:57:22.490: [INFO] RecordSyncInitDuration has_sync_been_enabled: 0 state: 0
2025-12-11 14:57:22.497: [INFO] BookmarkNodeAdded, ABU: 0
2025-12-11 14:57:22.497: [INFO] BookmarkModelLoaded, ids_reassigned: 0
2025-12-11 14:57:22.497: [INFO] OnDoneLoading sync enabled: 0
2025-12-11 14:57:22.558: [INFO] RecordSyncInitDuration has_sync_been_enabled: 0 state: 0
2025-12-11 14:57:22.715: [INFO] RecordSyncInitDuration has_sync_been_enabled: 0 state: 3
2025-12-11 14:57:22.716: [INFO] Primary account changed.
2025-12-11 14:57:22.716: [INFO] OnPrimaryAccountChanged PrimaryAccountChangeEvent::Type::kSet
2025-12-11 14:57:22.718: [INFO] RecordSyncInitDuration has_sync_been_enabled: 0 state: 3
2025-12-11 14:57:22.933: [INFO] RecordSyncInitDuration has_sync_been_enabled: 0 state: 3
2025-12-11 14:57:25.383: [INFO] BookmarkNodeAdded, ABU: 0
2025-12-11 14:57:25.383: [INFO] BookmarkNodeAdded, ABU: 0
2025-12-11 14:57:25.383: [INFO] BookmarkNodeAdded, ABU: 0
2025-12-11 14:57:25.383: [INFO] BookmarkNodeAdded, ABU: 0
2025-12-11 14:57:27.943: [INFO] BookmarkNodeMoved
2025-12-11 14:57:27.943: [INFO] BookmarkNodeAdded, ABU: 0
2025-12-11 14:57:27.943: [INFO] BookmarkNodeMoved
2025-12-11 14:57:27.943: [INFO] BookmarkNodeMoved
2025-12-11 14:57:27.943: [INFO] BookmarkNodeMoved
2025-12-11 14:57:27.943: [INFO] ReorderChildren, Url: 0, IsFolder: 1, IsWorkspace: 0
2025-12-11 14:57:27.943: [INFO] Remove, DeletionOrigin: 19
2025-12-11 14:57:27.944: [INFO] BookmarkNodeRemoved, Url: 0, IsFolder: 1, IsWorkspace: 0
2025-12-11 14:57:27.944: [INFO] BookmarkNodeAdded, ABU: 0
2025-12-11 14:57:27.944: [INFO] Remove, DeletionOrigin: 19
2025-12-11 14:57:27.944: [INFO] BookmarkNodeRemoved, Url: 1, IsFolder: 0, IsWorkspace: 0
2025-12-11 14:57:27.945: [INFO] BookmarkNodeAdded, ABU: 0
2025-12-11 14:57:27.945: [INFO] Remove, DeletionOrigin: 19
2025-12-11 14:57:27.945: [INFO] BookmarkNodeRemoved, Url: 1, IsFolder: 0, IsWorkspace: 0
2025-12-11 14:57:27.945: [INFO] BookmarkNodeAdded, ABU: 0
2025-12-11 14:57:27.945: [INFO] Remove, DeletionOrigin: 19
2025-12-11 14:57:27.945: [INFO] BookmarkNodeRemoved, Url: 1, IsFolder: 0, IsWorkspace: 0
2025-12-11 14:57:28.517: [INFO] Sync initialization duration: 5444ms
2025-12-12 15:16:35.552: [INFO] VisibilityChanged: 0
2025-12-12 15:16:35.606: [INFO] BookmarkNodeAdded, ABU: 0
2025-12-12 15:16:35.606: [INFO] BookmarkModelLoaded, ids_reassigned: 0
2025-12-12 15:16:35.606: [INFO] OnDoneLoading sync enabled: 1
2025-12-12 15:16:47.950: [INFO] Sync initialization duration: 1470ms
2025-12-12 15:52:58.913: [INFO] VisibilityChanged: 0
2025-12-12 15:52:58.971: [INFO] BookmarkNodeAdded, ABU: 0
2025-12-12 15:52:58.971: [INFO] BookmarkModelLoaded, ids_reassigned: 0
2025-12-12 15:52:58.971: [INFO] OnDoneLoading sync enabled: 1
2025-12-12 15:53:08.020: [INFO] Sync initialization duration: 1362ms
2025-12-12 16:28:23.808: [INFO] VisibilityChanged: 0
2025-12-12 16:28:23.893: [INFO] BookmarkNodeAdded, ABU: 0
2025-12-12 16:28:23.893: [INFO] BookmarkModelLoaded, ids_reassigned: 0
2025-12-12 16:28:23.893: [INFO] OnDoneLoading sync enabled: 1
2025-12-12 16:28:35.033: [INFO] Sync initialization duration: 1191ms
2025-12-13 07:27:50.370: [INFO] VisibilityChanged: 0
2025-12-13 07:27:50.425: [INFO] BookmarkNodeAdded, ABU: 0
2025-12-13 07:27:50.425: [INFO] BookmarkModelLoaded, ids_reassigned: 0
2025-12-13 07:27:50.425: [INFO] OnDoneLoading sync enabled: 1
2025-12-13 07:28:01.508: [INFO] Sync initialization duration: 930ms
2025-12-16 07:38:53.681: [INFO] VisibilityChanged: 0
2025-12-16 07:38:53.743: [INFO] BookmarkNodeAdded, ABU: 0
2025-12-16 07:38:53.743: [INFO] BookmarkModelLoaded, ids_reassigned: 0
2025-12-16 07:38:53.743: [INFO] OnDoneLoading sync enabled: 1
2025-12-16 07:39:07.348: [INFO] Sync initialization duration: 2738ms
2026-01-23 16:33:28.113: [INFO] VisibilityChanged: 0
2026-01-23 16:33:28.179: [INFO] BookmarkNodeAdded, ABU: 0
2026-01-23 16:33:28.179: [INFO] BookmarkModelLoaded, ids_reassigned: 0
2026-01-23 16:33:28.179: [INFO] OnDoneLoading sync enabled: 1
2026-01-24 08:19:35.878: [INFO] VisibilityChanged: 0
2026-01-24 08:19:35.946: [INFO] BookmarkNodeAdded, ABU: 0
2026-01-24 08:19:35.946: [INFO] BookmarkModelLoaded, ids_reassigned: 0
2026-01-24 08:19:35.946: [INFO] OnDoneLoading sync enabled: 1
2026-01-24 08:21:52.959: [INFO] VisibilityChanged: 0
2026-01-24 08:21:53.027: [INFO] BookmarkNodeAdded, ABU: 0
2026-01-24 08:21:53.027: [INFO] BookmarkModelLoaded, ids_reassigned: 0
2026-01-24 08:21:53.027: [INFO] OnDoneLoading sync enabled: 0
