{"logTime": "1211/145726", "correlationVector":"MxPyjN2d8zgE7vZ/2vj3DP.1","action":"SyncServerConnectionManagerRequest", "result":"SYNC_SERVER_OK", "context":{"environment":"Prod_southindia_prod-s01-004-apac-southindia", "migrationStage":"NotStarted", "server":"akswtt023000004"}}
{"logTime": "1211/145726", "correlationVector":"MxPyjN2d8zgE7vZ/2vj3DP.2","action":"ProcessGetUpdates", "result":"Done", "context":{"dataType":"Encryption Keys", "deleted":"0", "process_failed_to_decrypt":"0", "process_pending_decryption":"0", "process_success":"1", "total":"1"}}
{"logTime": "1211/145727", "correlationVector":"qQSVzbjEGpE5ecaO66oaJb","action":"SyncServerConnectionManagerRequest", "result":"SYNC_SERVER_OK", "context":{"environment":"", "migrationStage":"", "server":""}}
{"logTime": "1211/145727", "correlationVector":"qQSVzbjEGpE5ecaO66oaJb.0","action":"EncryptionKeysFetcher.DownloadKeys:", "result":"Success", "context":Key count: 1, Last key timestamp: 2025-10-06T15:11:25Z}
{"logTime": "1211/145727", "correlationVector":"qQSVzbjEGpE5ecaO66oaJb.1","action":"EncryptionKeysManager::SetEncryptionKeys:", "result":"Success", "context":Key names[1]:[3dRIHNrFgENY/cLiOE0f5ydvh4Yj7mktENEbKqp5LsMHN8wgw+oH1K84f6VgVmfNNpeLfz3Av/RZdm1FWH4t1A==]}
{"logTime": "1211/145727", "correlationVector":"qQSVzbjEGpE5ecaO66oaJb.2","action":"EncryptionKeysManager::SetEncryptionKeysWithTimestamps:", "result":"Success", "context":Key timestamps[1]:[2025-10-06T15:11:25Z]}
{"logTime": "1211/145727", "correlationVector":"MxPyjN2d8zgE7vZ/2vj3DP","action":"Initial GetUpdates", "result":"", "context":Reason: NEW_CLIENT. cV=MxPyjN2d8zgE7vZ/2vj3DP}
{"logTime": "1211/145727", "correlationVector":"MxPyjN2d8zgE7vZ/2vj3DP.3","action":"GetUpdates Response", "result":"Success", "context":Received 1 update(s). cV=MxPyjN2d8zgE7vZ/2vj3DP.0;server=akswtt023000004;cloudType=Consumer;environment=Prod_southindia_prod-s01-004-apac-southindia;migrationStage=NotStarted}
{"logTime": "1211/145727", "correlationVector":"F7FPhqqT4+dCqRsjXAcy48","action":"Initial GetUpdates", "result":"", "context":Reason: NEWLY_SUPPORTED_DATATYPE. cV=F7FPhqqT4+dCqRsjXAcy48}
{"logTime": "1211/145727", "correlationVector":"F7FPhqqT4+dCqRsjXAcy48.1","action":"SyncServerConnectionManagerRequest", "result":"SYNC_SERVER_OK", "context":{"environment":"Prod_southindia_prod-s01-004-apac-southindia", "migrationStage":"NotStarted", "server":"akswtt02300000z"}}
{"logTime": "1211/145727", "correlationVector":"F7FPhqqT4+dCqRsjXAcy48.2","action":"ProcessGetUpdates", "result":"Done", "context":{"dataType":"Preferences", "deleted":"0", "process_failed_to_decrypt":"0", "process_pending_decryption":"0", "process_success":"49", "total":"49"}}
{"logTime": "1211/145727", "correlationVector":"F7FPhqqT4+dCqRsjXAcy48.3","action":"ProcessGetUpdates", "result":"Done", "context":{"dataType":"Passwords", "deleted":"0", "process_failed_to_decrypt":"0", "process_pending_decryption":"0", "process_success":"6", "total":"6"}}
{"logTime": "1211/145727", "correlationVector":"F7FPhqqT4+dCqRsjXAcy48.4","action":"ProcessGetUpdates", "result":"Done", "context":{"dataType":"Device Info", "deleted":"0", "process_failed_to_decrypt":"0", "process_pending_decryption":"0", "process_success":"3", "total":"3"}}
{"logTime": "1211/145727", "correlationVector":"F7FPhqqT4+dCqRsjXAcy48.5","action":"GetUpdates Response", "result":"Success", "context":Received 58 update(s). cV=F7FPhqqT4+dCqRsjXAcy48.0;server=akswtt02300000z;cloudType=Consumer;environment=Prod_southindia_prod-s01-004-apac-southindia;migrationStage=NotStarted}
{"logTime": "1211/145727", "correlationVector":"ufld1w3qzsnOXrFxMFUWiL","action":"Initial GetUpdates", "result":"", "context":Reason: NEWLY_SUPPORTED_DATATYPE. cV=ufld1w3qzsnOXrFxMFUWiL}
{"logTime": "1211/145727", "correlationVector":"ufld1w3qzsnOXrFxMFUWiL.1","action":"SyncServerConnectionManagerRequest", "result":"SYNC_SERVER_OK", "context":{"environment":"Prod_southindia_prod-s01-004-apac-southindia", "migrationStage":"NotStarted", "server":"akswtt023000021"}}
{"logTime": "1211/145727", "correlationVector":"ufld1w3qzsnOXrFxMFUWiL.2","action":"ProcessGetUpdates", "result":"Done", "context":{"dataType":"Bookmarks", "deleted":"0", "process_failed_to_decrypt":"0", "process_pending_decryption":"0", "process_success":"10", "total":"10"}}
{"logTime": "1211/145727", "correlationVector":"ufld1w3qzsnOXrFxMFUWiL.3","action":"GetUpdates Response", "result":"Success", "context":Received 10 update(s). cV=ufld1w3qzsnOXrFxMFUWiL.0;server=akswtt023000021;cloudType=Consumer;environment=Prod_southindia_prod-s01-004-apac-southindia;migrationStage=NotStarted}
{"logTime": "1211/145727", "correlationVector":"kkY1ib2A12SI6Uo+0XZUP7","action":"Initial GetUpdates", "result":"", "context":Reason: NEWLY_SUPPORTED_DATATYPE. cV=kkY1ib2A12SI6Uo+0XZUP7}
{"logTime": "1211/145728", "correlationVector":"kkY1ib2A12SI6Uo+0XZUP7.1","action":"SyncServerConnectionManagerRequest", "result":"SYNC_SERVER_OK", "context":{"environment":"Prod_southindia_prod-s01-004-apac-southindia", "migrationStage":"NotStarted", "server":"akswtt023000011"}}
{"logTime": "1211/145728", "correlationVector":"kkY1ib2A12SI6Uo+0XZUP7.2","action":"ProcessGetUpdates", "result":"Done", "context":{"dataType":"Autofill Profiles", "deleted":"2", "process_failed_to_decrypt":"0", "process_pending_decryption":"0", "process_success":"5", "total":"5"}}
{"logTime": "1211/145728", "correlationVector":"kkY1ib2A12SI6Uo+0XZUP7.3","action":"ProcessGetUpdates", "result":"Done", "context":{"dataType":"Autofill", "deleted":"0", "process_failed_to_decrypt":"0", "process_pending_decryption":"0", "process_success":"54", "total":"54"}}
{"logTime": "1211/145728", "correlationVector":"kkY1ib2A12SI6Uo+0XZUP7.4","action":"ProcessGetUpdates", "result":"Done", "context":{"dataType":"Sessions", "deleted":"159", "process_failed_to_decrypt":"0", "process_pending_decryption":"0", "process_success":"166", "total":"166"}}
{"logTime": "1211/145728", "correlationVector":"kkY1ib2A12SI6Uo+0XZUP7.5","action":"ProcessGetUpdates", "result":"Done", "context":{"dataType":"Edge Hub App Usage", "deleted":"0", "process_failed_to_decrypt":"0", "process_pending_decryption":"0", "process_success":"3", "total":"3"}}
{"logTime": "1211/145728", "correlationVector":"kkY1ib2A12SI6Uo+0XZUP7.6","action":"GetUpdates Response", "result":"Success", "context":Received 228 update(s). cV=kkY1ib2A12SI6Uo+0XZUP7.0;server=akswtt023000011;cloudType=Consumer;environment=Prod_southindia_prod-s01-004-apac-southindia;migrationStage=NotStarted}
{"logTime": "1211/145728", "correlationVector":"T4Ux+OUiTDVK8KNgbF8/iL","action":"Initial GetUpdates", "result":"", "context":Reason: NEWLY_SUPPORTED_DATATYPE. cV=T4Ux+OUiTDVK8KNgbF8/iL}
{"logTime": "1211/145729", "correlationVector":"T4Ux+OUiTDVK8KNgbF8/iL.1","action":"SyncServerConnectionManagerRequest", "result":"SYNC_SERVER_OK", "context":{"environment":"Prod_southindia_prod-s01-004-apac-southindia", "migrationStage":"NotStarted", "server":"akswtt02300000b"}}
{"logTime": "1211/145729", "correlationVector":"T4Ux+OUiTDVK8KNgbF8/iL.2","action":"ProcessGetUpdates", "result":"Done", "context":{"dataType":"History", "deleted":"0", "process_failed_to_decrypt":"0", "process_pending_decryption":"0", "process_success":"217", "total":"217"}}
{"logTime": "1211/145729", "correlationVector":"T4Ux+OUiTDVK8KNgbF8/iL.3","action":"GetUpdates Response", "result":"Success", "context":Received 217 update(s). cV=T4Ux+OUiTDVK8KNgbF8/iL.0;server=akswtt02300000b;cloudType=Consumer;environment=Prod_southindia_prod-s01-004-apac-southindia;migrationStage=NotStarted}
{"logTime": "1211/145729", "correlationVector":"wYPipPTKJDXSDkFBd2BiGi","action":"Normal GetUpdate request", "result":"", "context":cV=wYPipPTKJDXSDkFBd2BiGi
Nudged types: Sessions, Device Info, User Consents, History
Refresh requested types: Bookmarks, Preferences, Passwords, Autofill Profiles, Autofill, Extensions, Sessions, Extension settings, History Delete Directives, Device Info, User Consents, Send Tab To Self, Web Apps, History, Saved Tab Group, WebAuthn Credentials, Collection, Edge E Drop, Edge Hub App Usage, Edge Wallet, Encryption Keys}
{"logTime": "1211/145729", "correlationVector":"wYPipPTKJDXSDkFBd2BiGi.1","action":"SyncServerConnectionManagerRequest", "result":"SYNC_SERVER_OK", "context":{"environment":"Prod_southindia_prod-s01-004-apac-southindia", "migrationStage":"NotStarted", "server":"akswtt02300002m"}}
{"logTime": "1211/145729", "correlationVector":"wYPipPTKJDXSDkFBd2BiGi.2","action":"GetUpdates Response", "result":"Success", "context":Received 0 update(s). cV=wYPipPTKJDXSDkFBd2BiGi.0;server=akswtt02300002m;cloudType=Consumer;environment=Prod_southindia_prod-s01-004-apac-southindia;migrationStage=NotStarted}
{"logTime": "1211/145729", "correlationVector":"0s5koaXJKU3JyqbnXPPugj","action":"Commit Request", "result":"", "context":Item count: 5
Contributing types: Sessions, Device Info, User Consents, History}
{"logTime": "1211/145730", "correlationVector":"0s5koaXJKU3JyqbnXPPugj.1","action":"SyncServerConnectionManagerRequest", "result":"SYNC_SERVER_OK", "context":{"environment":"Prod_southindia_prod-s01-004-apac-southindia", "migrationStage":"NotStarted", "server":"akswtt02300002a"}}
{"logTime": "1211/145730", "correlationVector":"0s5koaXJKU3JyqbnXPPugj.2","action":"Commit Response", "result":"Success", "context":Result: Success. cV=0s5koaXJKU3JyqbnXPPugj.0;server=akswtt02300002a;cloudType=Consumer;environment=Prod_southindia_prod-s01-004-apac-southindia;migrationStage=NotStarted}
{"logTime": "1211/145741", "correlationVector":"EOn8dWsOtNpzl2hPXcAQED","action":"Commit Request", "result":"", "context":Item count: 3
Contributing types: Sessions, User Consents, History}
{"logTime": "1211/145742", "correlationVector":"EOn8dWsOtNpzl2hPXcAQED.1","action":"SyncServerConnectionManagerRequest", "result":"SYNC_SERVER_OK", "context":{"environment":"Prod_southindia_prod-s01-004-apac-southindia", "migrationStage":"NotStarted", "server":"akswtt02300002z"}}
{"logTime": "1211/145742", "correlationVector":"EOn8dWsOtNpzl2hPXcAQED.2","action":"Commit Response", "result":"Success", "context":Result: Success. cV=EOn8dWsOtNpzl2hPXcAQED.0;server=akswtt02300002z;cloudType=Consumer;environment=Prod_southindia_prod-s01-004-apac-southindia;migrationStage=NotStarted}
{"logTime": "1212/151646", "correlationVector":"ydDK4kH0+7yUTRP9Pu5pRK.1","action":"SyncServerConnectionManagerRequest", "result":"SYNC_SERVER_OK", "context":{"environment":"Prod_southindia_prod-s01-004-apac-southindia", "migrationStage":"NotStarted", "server":"akswtt02300001c"}}
{"logTime": "1212/151646", "correlationVector":"ydDK4kH0+7yUTRP9Pu5pRK.2","action":"ProcessGetUpdates", "result":"Done", "context":{"dataType":"Encryption Keys", "deleted":"0", "process_failed_to_decrypt":"0", "process_pending_decryption":"0", "process_success":"1", "total":"1"}}
{"logTime": "1212/151647", "correlationVector":"fzuvvUS8osXHf5WK+ZcR4X","action":"SyncServerConnectionManagerRequest", "result":"SYNC_SERVER_OK", "context":{"environment":"", "migrationStage":"", "server":""}}
{"logTime": "1212/151647", "correlationVector":"fzuvvUS8osXHf5WK+ZcR4X.0","action":"EncryptionKeysFetcher.DownloadKeys:", "result":"Success", "context":Key count: 1, Last key timestamp: 2025-10-06T15:11:25Z}
{"logTime": "1212/151647", "correlationVector":"fzuvvUS8osXHf5WK+ZcR4X.1","action":"EncryptionKeysManager::SetEncryptionKeys:", "result":"Success", "context":Key names[1]:[3dRIHNrFgENY/cLiOE0f5ydvh4Yj7mktENEbKqp5LsMHN8wgw+oH1K84f6VgVmfNNpeLfz3Av/RZdm1FWH4t1A==]}
{"logTime": "1212/151647", "correlationVector":"fzuvvUS8osXHf5WK+ZcR4X.2","action":"EncryptionKeysManager::SetEncryptionKeysWithTimestamps:", "result":"Success", "context":Key timestamps[1]:[2025-10-06T15:11:25Z]}
{"logTime": "1212/151647", "correlationVector":"ydDK4kH0+7yUTRP9Pu5pRK","action":"Initial GetUpdates", "result":"", "context":Reason: NEW_CLIENT. cV=ydDK4kH0+7yUTRP9Pu5pRK}
{"logTime": "1212/151647", "correlationVector":"ydDK4kH0+7yUTRP9Pu5pRK.3","action":"GetUpdates Response", "result":"Success", "context":Received 1 update(s). cV=ydDK4kH0+7yUTRP9Pu5pRK.0;server=akswtt02300001c;cloudType=Consumer;environment=Prod_southindia_prod-s01-004-apac-southindia;migrationStage=NotStarted}
{"logTime": "1212/151647", "correlationVector":"nI8F+/KZyd/2tS4h6naFmf","action":"Initial GetUpdates", "result":"", "context":Reason: NEWLY_SUPPORTED_DATATYPE. cV=nI8F+/KZyd/2tS4h6naFmf}
{"logTime": "1212/151647", "correlationVector":"nI8F+/KZyd/2tS4h6naFmf.1","action":"SyncServerConnectionManagerRequest", "result":"SYNC_SERVER_OK", "context":{"environment":"Prod_southindia_prod-s01-004-apac-southindia", "migrationStage":"NotStarted", "server":"akswtt02300000v"}}
{"logTime": "1212/151647", "correlationVector":"nI8F+/KZyd/2tS4h6naFmf.2","action":"ProcessGetUpdates", "result":"Done", "context":{"dataType":"Passwords", "deleted":"0", "process_failed_to_decrypt":"0", "process_pending_decryption":"0", "process_success":"6", "total":"6"}}
{"logTime": "1212/151647", "correlationVector":"nI8F+/KZyd/2tS4h6naFmf.3","action":"GetUpdates Response", "result":"Success", "context":Received 6 update(s). cV=nI8F+/KZyd/2tS4h6naFmf.0;server=akswtt02300000v;cloudType=Consumer;environment=Prod_southindia_prod-s01-004-apac-southindia;migrationStage=NotStarted}
{"logTime": "1212/151647", "correlationVector":"7KLEVNGS4HgPesg6yi+PSW","action":"Initial GetUpdates", "result":"", "context":Reason: NEWLY_SUPPORTED_DATATYPE. cV=7KLEVNGS4HgPesg6yi+PSW}
{"logTime": "1212/151647", "correlationVector":"7KLEVNGS4HgPesg6yi+PSW.1","action":"SyncServerConnectionManagerRequest", "result":"SYNC_SERVER_OK", "context":{"environment":"Prod_southindia_prod-s01-004-apac-southindia", "migrationStage":"NotStarted", "server":"akswtt023000037"}}
{"logTime": "1212/151647", "correlationVector":"7KLEVNGS4HgPesg6yi+PSW.2","action":"ProcessGetUpdates", "result":"Done", "context":{"dataType":"Autofill Profiles", "deleted":"2", "process_failed_to_decrypt":"0", "process_pending_decryption":"0", "process_success":"5", "total":"5"}}
{"logTime": "1212/151647", "correlationVector":"7KLEVNGS4HgPesg6yi+PSW.3","action":"ProcessGetUpdates", "result":"Done", "context":{"dataType":"Autofill", "deleted":"0", "process_failed_to_decrypt":"0", "process_pending_decryption":"0", "process_success":"54", "total":"54"}}
{"logTime": "1212/151647", "correlationVector":"7KLEVNGS4HgPesg6yi+PSW.4","action":"GetUpdates Response", "result":"Success", "context":Received 59 update(s). cV=7KLEVNGS4HgPesg6yi+PSW.0;server=akswtt023000037;cloudType=Consumer;environment=Prod_southindia_prod-s01-004-apac-southindia;migrationStage=NotStarted}
{"logTime": "1212/151647", "correlationVector":"JsWkuICYpaVTxZ5gpS68fk","action":"Normal GetUpdate request", "result":"", "context":cV=JsWkuICYpaVTxZ5gpS68fk
Nudged types: Preferences, Sessions, Device Info, History
Refresh requested types: Bookmarks, Preferences, Passwords, Autofill Profiles, Autofill, Extensions, Sessions, Extension settings, History Delete Directives, Device Info, User Consents, Send Tab To Self, Web Apps, History, Saved Tab Group, WebAuthn Credentials, Collection, Edge E Drop, Edge Hub App Usage, Edge Wallet, Encryption Keys}
{"logTime": "1212/151648", "correlationVector":"JsWkuICYpaVTxZ5gpS68fk.1","action":"SyncServerConnectionManagerRequest", "result":"SYNC_SERVER_OK", "context":{"environment":"Prod_southindia_prod-s01-004-apac-southindia", "migrationStage":"NotStarted", "server":"akswtt02300001t"}}
{"logTime": "1212/151648", "correlationVector":"JsWkuICYpaVTxZ5gpS68fk.2","action":"ProcessGetUpdates", "result":"Done", "context":{"dataType":"Preferences", "deleted":"1", "process_failed_to_decrypt":"0", "process_pending_decryption":"0", "process_success":"4", "total":"4"}}
{"logTime": "1212/151648", "correlationVector":"JsWkuICYpaVTxZ5gpS68fk.3","action":"ProcessGetUpdates", "result":"Done", "context":{"dataType":"Sessions", "deleted":"8", "process_failed_to_decrypt":"0", "process_pending_decryption":"0", "process_success":"12", "total":"12"}}
{"logTime": "1212/151648", "correlationVector":"JsWkuICYpaVTxZ5gpS68fk.4","action":"ProcessGetUpdates", "result":"Done", "context":{"dataType":"Device Info", "deleted":"0", "process_failed_to_decrypt":"0", "process_pending_decryption":"0", "process_success":"2", "total":"2"}}
{"logTime": "1212/151648", "correlationVector":"JsWkuICYpaVTxZ5gpS68fk.5","action":"ProcessGetUpdates", "result":"Done", "context":{"dataType":"History", "deleted":"0", "process_failed_to_decrypt":"0", "process_pending_decryption":"0", "process_success":"17", "total":"17"}}
{"logTime": "1212/151648", "correlationVector":"JsWkuICYpaVTxZ5gpS68fk.6","action":"GetUpdates Response", "result":"Success", "context":Received 35 update(s). cV=JsWkuICYpaVTxZ5gpS68fk.0;server=akswtt02300001t;cloudType=Consumer;environment=Prod_southindia_prod-s01-004-apac-southindia;migrationStage=NotStarted}
{"logTime": "1212/151648", "correlationVector":"tHhj5qwgSUEpewyhXSoNEB","action":"Commit Request", "result":"", "context":Item count: 1
Contributing types: Device Info}
{"logTime": "1212/151648", "correlationVector":"tHhj5qwgSUEpewyhXSoNEB.1","action":"SyncServerConnectionManagerRequest", "result":"SYNC_SERVER_OK", "context":{"environment":"Prod_southindia_prod-s01-004-apac-southindia", "migrationStage":"NotStarted", "server":"akswtt023000037"}}
{"logTime": "1212/151648", "correlationVector":"tHhj5qwgSUEpewyhXSoNEB.2","action":"Commit Response", "result":"Success", "context":Result: Success. cV=tHhj5qwgSUEpewyhXSoNEB.0;server=akswtt023000037;cloudType=Consumer;environment=Prod_southindia_prod-s01-004-apac-southindia;migrationStage=NotStarted}
{"logTime": "1212/151648", "correlationVector":"L2DRleodRk0f3iht2DokhJ","action":"Poll GetUpdate request", "result":"", "context":cV=L2DRleodRk0f3iht2DokhJ}
{"logTime": "1212/151648", "correlationVector":"L2DRleodRk0f3iht2DokhJ.1","action":"SyncServerConnectionManagerRequest", "result":"SYNC_SERVER_OK", "context":{"environment":"Prod_southindia_prod-s01-004-apac-southindia", "migrationStage":"NotStarted", "server":"akswtt02300001n"}}
{"logTime": "1212/151648", "correlationVector":"L2DRleodRk0f3iht2DokhJ.2","action":"ProcessGetUpdates", "result":"Done", "context":{"dataType":"Device Info", "deleted":"0", "process_failed_to_decrypt":"0", "process_pending_decryption":"0", "process_success":"1", "total":"1"}}
{"logTime": "1212/151648", "correlationVector":"L2DRleodRk0f3iht2DokhJ.3","action":"GetUpdates Response", "result":"Success", "context":Received 1 update(s). cV=L2DRleodRk0f3iht2DokhJ.0;server=akswtt02300001n;cloudType=Consumer;environment=Prod_southindia_prod-s01-004-apac-southindia;migrationStage=NotStarted}
{"logTime": "1212/151707", "correlationVector":"YjOHfs2Dw1GLUJD+wC/yj6","action":"Commit Request", "result":"", "context":Item count: 4
Contributing types: Preferences, Sessions, History}
{"logTime": "1212/151707", "correlationVector":"YjOHfs2Dw1GLUJD+wC/yj6.1","action":"SyncServerConnectionManagerRequest", "result":"SYNC_SERVER_OK", "context":{"environment":"Prod_southindia_prod-s01-004-apac-southindia", "migrationStage":"NotStarted", "server":"akswtt023000037"}}
{"logTime": "1212/151707", "correlationVector":"YjOHfs2Dw1GLUJD+wC/yj6.2","action":"Commit Response", "result":"Success", "context":Result: Success. cV=YjOHfs2Dw1GLUJD+wC/yj6.0;server=akswtt023000037;cloudType=Consumer;environment=Prod_southindia_prod-s01-004-apac-southindia;migrationStage=NotStarted}
{"logTime": "1212/151735", "correlationVector":"o7miFfFY6jampqwgYlWnOu","action":"Commit Request", "result":"", "context":Item count: 2
Contributing types: Preferences, Passwords}
{"logTime": "1212/151736", "correlationVector":"o7miFfFY6jampqwgYlWnOu.1","action":"SyncServerConnectionManagerRequest", "result":"SYNC_SERVER_OK", "context":{"environment":"Prod_southindia_prod-s01-004-apac-southindia", "migrationStage":"NotStarted", "server":"akswtt023000030"}}
{"logTime": "1212/151736", "correlationVector":"o7miFfFY6jampqwgYlWnOu.2","action":"Commit Response", "result":"Success", "context":Result: Success. cV=o7miFfFY6jampqwgYlWnOu.0;server=akswtt023000030;cloudType=Consumer;environment=Prod_southindia_prod-s01-004-apac-southindia;migrationStage=NotStarted}
{"logTime": "1212/151738", "correlationVector":"QBmvq0JK4M1hD1ykF1JnL+","action":"Commit Request", "result":"", "context":Item count: 1
Contributing types: Preferences}
{"logTime": "1212/151739", "correlationVector":"QBmvq0JK4M1hD1ykF1JnL+.1","action":"SyncServerConnectionManagerRequest", "result":"SYNC_SERVER_OK", "context":{"environment":"Prod_southindia_prod-s01-004-apac-southindia", "migrationStage":"NotStarted", "server":"akswtt02300001z"}}
{"logTime": "1212/151739", "correlationVector":"QBmvq0JK4M1hD1ykF1JnL+.3","action":"Commit.Preferences", "result":"Success", "context":{"id":"520dd7ed-dfa8-4c10-86b4-997b0d233f3a", "isDeleted":"true", "size":"0", "version":"1765552655234"}}
{"logTime": "1212/151739", "correlationVector":"QBmvq0JK4M1hD1ykF1JnL+.2","action":"Commit Response", "result":"Success", "context":Result: Success. cV=QBmvq0JK4M1hD1ykF1JnL+.0;server=akswtt02300001z;cloudType=Consumer;environment=Prod_southindia_prod-s01-004-apac-southindia;migrationStage=NotStarted}
{"logTime": "1212/151750", "correlationVector":"hCGI0ax2G+a0cYFqxRd+QD","action":"Commit Request", "result":"", "context":Item count: 1
Contributing types: Device Info}
{"logTime": "1212/151750", "correlationVector":"hCGI0ax2G+a0cYFqxRd+QD.1","action":"SyncServerConnectionManagerRequest", "result":"SYNC_SERVER_OK", "context":{"environment":"Prod_southindia_prod-s01-004-apac-southindia", "migrationStage":"NotStarted", "server":"akswtt02300001z"}}
{"logTime": "1212/151750", "correlationVector":"hCGI0ax2G+a0cYFqxRd+QD.2","action":"Commit Response", "result":"Success", "context":Result: Success. cV=hCGI0ax2G+a0cYFqxRd+QD.0;server=akswtt02300001z;cloudType=Consumer;environment=Prod_southindia_prod-s01-004-apac-southindia;migrationStage=NotStarted}
{"logTime": "1212/155307", "correlationVector":"edpGmxEcuJPLTlU9gJdFy/.1","action":"SyncServerConnectionManagerRequest", "result":"SYNC_SERVER_OK", "context":{"environment":"Prod_southindia_prod-s01-004-apac-southindia", "migrationStage":"NotStarted", "server":"akswtt02300000a"}}
{"logTime": "1212/155307", "correlationVector":"edpGmxEcuJPLTlU9gJdFy/.2","action":"ProcessGetUpdates", "result":"Done", "context":{"dataType":"Encryption Keys", "deleted":"0", "process_failed_to_decrypt":"0", "process_pending_decryption":"0", "process_success":"1", "total":"1"}}
{"logTime": "1212/155307", "correlationVector":"mW6Y0TKH2GApDYEIKLEAoZ","action":"SyncServerConnectionManagerRequest", "result":"SYNC_SERVER_OK", "context":{"environment":"", "migrationStage":"", "server":""}}
{"logTime": "1212/155307", "correlationVector":"mW6Y0TKH2GApDYEIKLEAoZ.0","action":"EncryptionKeysFetcher.DownloadKeys:", "result":"Success", "context":Key count: 1, Last key timestamp: 2025-10-06T15:11:25Z}
{"logTime": "1212/155307", "correlationVector":"mW6Y0TKH2GApDYEIKLEAoZ.1","action":"EncryptionKeysManager::SetEncryptionKeys:", "result":"Success", "context":Key names[1]:[3dRIHNrFgENY/cLiOE0f5ydvh4Yj7mktENEbKqp5LsMHN8wgw+oH1K84f6VgVmfNNpeLfz3Av/RZdm1FWH4t1A==]}
{"logTime": "1212/155307", "correlationVector":"mW6Y0TKH2GApDYEIKLEAoZ.2","action":"EncryptionKeysManager::SetEncryptionKeysWithTimestamps:", "result":"Success", "context":Key timestamps[1]:[2025-10-06T15:11:25Z]}
{"logTime": "1212/155307", "correlationVector":"edpGmxEcuJPLTlU9gJdFy/","action":"Initial GetUpdates", "result":"", "context":Reason: NEW_CLIENT. cV=edpGmxEcuJPLTlU9gJdFy/}
{"logTime": "1212/155307", "correlationVector":"edpGmxEcuJPLTlU9gJdFy/.3","action":"GetUpdates Response", "result":"Success", "context":Received 1 update(s). cV=edpGmxEcuJPLTlU9gJdFy/.0;server=akswtt02300000a;cloudType=Consumer;environment=Prod_southindia_prod-s01-004-apac-southindia;migrationStage=NotStarted}
{"logTime": "1212/155307", "correlationVector":"e/K4oLoMebD1DnWibnBSdx","action":"Initial GetUpdates", "result":"", "context":Reason: NEWLY_SUPPORTED_DATATYPE. cV=e/K4oLoMebD1DnWibnBSdx}
{"logTime": "1212/155308", "correlationVector":"e/K4oLoMebD1DnWibnBSdx.1","action":"SyncServerConnectionManagerRequest", "result":"SYNC_SERVER_OK", "context":{"environment":"Prod_southindia_prod-s01-004-apac-southindia", "migrationStage":"NotStarted", "server":"akswtt02300001j"}}
{"logTime": "1212/155308", "correlationVector":"e/K4oLoMebD1DnWibnBSdx.2","action":"ProcessGetUpdates", "result":"Done", "context":{"dataType":"Passwords", "deleted":"0", "process_failed_to_decrypt":"0", "process_pending_decryption":"0", "process_success":"6", "total":"6"}}
{"logTime": "1212/155308", "correlationVector":"e/K4oLoMebD1DnWibnBSdx.3","action":"GetUpdates Response", "result":"Success", "context":Received 6 update(s). cV=e/K4oLoMebD1DnWibnBSdx.0;server=akswtt02300001j;cloudType=Consumer;environment=Prod_southindia_prod-s01-004-apac-southindia;migrationStage=NotStarted}
{"logTime": "1212/155308", "correlationVector":"zOHH76GxbXJUde+8YFrfcB","action":"Normal GetUpdate request", "result":"", "context":cV=zOHH76GxbXJUde+8YFrfcB
Nudged types: Preferences, Sessions, Device Info, History
Refresh requested types: Bookmarks, Preferences, Passwords, Autofill Profiles, Autofill, Extensions, Sessions, Extension settings, History Delete Directives, Device Info, User Consents, Send Tab To Self, Web Apps, History, Saved Tab Group, WebAuthn Credentials, Collection, Edge E Drop, Edge Hub App Usage, Edge Wallet, Encryption Keys}
{"logTime": "1212/155308", "correlationVector":"zOHH76GxbXJUde+8YFrfcB.1","action":"SyncServerConnectionManagerRequest", "result":"SYNC_SERVER_OK", "context":{"environment":"Prod_southindia_prod-s01-004-apac-southindia", "migrationStage":"NotStarted", "server":"akswtt02300000t"}}
{"logTime": "1212/155308", "correlationVector":"zOHH76GxbXJUde+8YFrfcB.2","action":"ProcessGetUpdates", "result":"Done", "context":{"dataType":"Preferences", "deleted":"1", "process_failed_to_decrypt":"0", "process_pending_decryption":"0", "process_success":"2", "total":"2"}}
{"logTime": "1212/155308", "correlationVector":"zOHH76GxbXJUde+8YFrfcB.3","action":"ProcessGetUpdates", "result":"Done", "context":{"dataType":"Sessions", "deleted":"0", "process_failed_to_decrypt":"0", "process_pending_decryption":"0", "process_success":"2", "total":"2"}}
{"logTime": "1212/155308", "correlationVector":"zOHH76GxbXJUde+8YFrfcB.4","action":"ProcessGetUpdates", "result":"Done", "context":{"dataType":"Device Info", "deleted":"0", "process_failed_to_decrypt":"0", "process_pending_decryption":"0", "process_success":"1", "total":"1"}}
{"logTime": "1212/155308", "correlationVector":"zOHH76GxbXJUde+8YFrfcB.5","action":"ProcessGetUpdates", "result":"Done", "context":{"dataType":"History", "deleted":"0", "process_failed_to_decrypt":"0", "process_pending_decryption":"0", "process_success":"1", "total":"1"}}
{"logTime": "1212/155308", "correlationVector":"zOHH76GxbXJUde+8YFrfcB.6","action":"GetUpdates Response", "result":"Success", "context":Received 6 update(s). cV=zOHH76GxbXJUde+8YFrfcB.0;server=akswtt02300000t;cloudType=Consumer;environment=Prod_southindia_prod-s01-004-apac-southindia;migrationStage=NotStarted}
{"logTime": "1212/155308", "correlationVector":"mCqKyx/Slk2spXhnPp6A6k","action":"Commit Request", "result":"", "context":Item count: 6
Contributing types: Preferences, Sessions, Device Info, History}
{"logTime": "1212/155309", "correlationVector":"mCqKyx/Slk2spXhnPp6A6k.1","action":"SyncServerConnectionManagerRequest", "result":"SYNC_SERVER_OK", "context":{"environment":"Prod_southindia_prod-s01-004-apac-southindia", "migrationStage":"NotStarted", "server":"akswtt023000028"}}
{"logTime": "1212/155309", "correlationVector":"mCqKyx/Slk2spXhnPp6A6k.2","action":"Commit Response", "result":"Success", "context":Result: Success. cV=mCqKyx/Slk2spXhnPp6A6k.0;server=akswtt023000028;cloudType=Consumer;environment=Prod_southindia_prod-s01-004-apac-southindia;migrationStage=NotStarted}
{"logTime": "1212/155309", "correlationVector":"mCqKyx/Slk2spXhnPp6A6k.3","action":"Commit.Sessions", "result":"Success", "context":{"id":"9bd2b8a8-c88d-4840-99c2-9bf38835736d", "isDeleted":"true", "size":"0", "version":"1765552627008"}}
{"logTime": "1212/162834", "correlationVector":"lIxDpdeDnryxBLQ2xNwx18.1","action":"SyncServerConnectionManagerRequest", "result":"SYNC_SERVER_OK", "context":{"environment":"Prod_southindia_prod-s01-004-apac-southindia", "migrationStage":"NotStarted", "server":"akswtt02300000d"}}
{"logTime": "1212/162834", "correlationVector":"lIxDpdeDnryxBLQ2xNwx18.2","action":"ProcessGetUpdates", "result":"Done", "context":{"dataType":"Encryption Keys", "deleted":"0", "process_failed_to_decrypt":"0", "process_pending_decryption":"0", "process_success":"1", "total":"1"}}
{"logTime": "1212/162834", "correlationVector":"wO955vtjwGStZ9uc+WYy7z","action":"SyncServerConnectionManagerRequest", "result":"SYNC_SERVER_OK", "context":{"environment":"", "migrationStage":"", "server":""}}
{"logTime": "1212/162834", "correlationVector":"wO955vtjwGStZ9uc+WYy7z.0","action":"EncryptionKeysFetcher.DownloadKeys:", "result":"Success", "context":Key count: 1, Last key timestamp: 2025-10-06T15:11:25Z}
{"logTime": "1212/162834", "correlationVector":"wO955vtjwGStZ9uc+WYy7z.1","action":"EncryptionKeysManager::SetEncryptionKeys:", "result":"Success", "context":Key names[1]:[3dRIHNrFgENY/cLiOE0f5ydvh4Yj7mktENEbKqp5LsMHN8wgw+oH1K84f6VgVmfNNpeLfz3Av/RZdm1FWH4t1A==]}
{"logTime": "1212/162834", "correlationVector":"wO955vtjwGStZ9uc+WYy7z.2","action":"EncryptionKeysManager::SetEncryptionKeysWithTimestamps:", "result":"Success", "context":Key timestamps[1]:[2025-10-06T15:11:25Z]}
{"logTime": "1212/162834", "correlationVector":"lIxDpdeDnryxBLQ2xNwx18","action":"Initial GetUpdates", "result":"", "context":Reason: NEW_CLIENT. cV=lIxDpdeDnryxBLQ2xNwx18}
{"logTime": "1212/162834", "correlationVector":"lIxDpdeDnryxBLQ2xNwx18.3","action":"GetUpdates Response", "result":"Success", "context":Received 1 update(s). cV=lIxDpdeDnryxBLQ2xNwx18.0;server=akswtt02300000d;cloudType=Consumer;environment=Prod_southindia_prod-s01-004-apac-southindia;migrationStage=NotStarted}
{"logTime": "1212/162834", "correlationVector":"7OBmYRt+QqKZ+c+mH0W9mI","action":"Initial GetUpdates", "result":"", "context":Reason: NEWLY_SUPPORTED_DATATYPE. cV=7OBmYRt+QqKZ+c+mH0W9mI}
{"logTime": "1212/162835", "correlationVector":"7OBmYRt+QqKZ+c+mH0W9mI.1","action":"SyncServerConnectionManagerRequest", "result":"SYNC_SERVER_OK", "context":{"environment":"Prod_southindia_prod-s01-004-apac-southindia", "migrationStage":"NotStarted", "server":"akswtt02300002t"}}
{"logTime": "1212/162835", "correlationVector":"7OBmYRt+QqKZ+c+mH0W9mI.2","action":"ProcessGetUpdates", "result":"Done", "context":{"dataType":"Passwords", "deleted":"0", "process_failed_to_decrypt":"0", "process_pending_decryption":"0", "process_success":"6", "total":"6"}}
{"logTime": "1212/162835", "correlationVector":"7OBmYRt+QqKZ+c+mH0W9mI.3","action":"GetUpdates Response", "result":"Success", "context":Received 6 update(s). cV=7OBmYRt+QqKZ+c+mH0W9mI.0;server=akswtt02300002t;cloudType=Consumer;environment=Prod_southindia_prod-s01-004-apac-southindia;migrationStage=NotStarted}
{"logTime": "1212/162835", "correlationVector":"nUpV1P2N7DuRY/f1Kw3hmn","action":"Normal GetUpdate request", "result":"", "context":cV=nUpV1P2N7DuRY/f1Kw3hmn
Nudged types: Sessions, Device Info, History
Refresh requested types: Bookmarks, Preferences, Passwords, Autofill Profiles, Autofill, Extensions, Sessions, Extension settings, History Delete Directives, Device Info, User Consents, Send Tab To Self, Web Apps, History, Saved Tab Group, WebAuthn Credentials, Collection, Edge E Drop, Edge Hub App Usage, Edge Wallet, Encryption Keys}
{"logTime": "1212/162835", "correlationVector":"nUpV1P2N7DuRY/f1Kw3hmn.1","action":"SyncServerConnectionManagerRequest", "result":"SYNC_SERVER_OK", "context":{"environment":"Prod_southindia_prod-s01-004-apac-southindia", "migrationStage":"NotStarted", "server":"akswtt023000008"}}
{"logTime": "1212/162835", "correlationVector":"nUpV1P2N7DuRY/f1Kw3hmn.2","action":"ProcessGetUpdates", "result":"Done", "context":{"dataType":"Preferences", "deleted":"0", "process_failed_to_decrypt":"0", "process_pending_decryption":"0", "process_success":"1", "total":"1"}}
{"logTime": "1212/162835", "correlationVector":"nUpV1P2N7DuRY/f1Kw3hmn.3","action":"ProcessGetUpdates", "result":"Done", "context":{"dataType":"Sessions", "deleted":"2", "process_failed_to_decrypt":"0", "process_pending_decryption":"0", "process_success":"4", "total":"4"}}
{"logTime": "1212/162835", "correlationVector":"nUpV1P2N7DuRY/f1Kw3hmn.4","action":"ProcessGetUpdates", "result":"Done", "context":{"dataType":"Device Info", "deleted":"0", "process_failed_to_decrypt":"0", "process_pending_decryption":"0", "process_success":"1", "total":"1"}}
{"logTime": "1212/162835", "correlationVector":"nUpV1P2N7DuRY/f1Kw3hmn.5","action":"ProcessGetUpdates", "result":"Done", "context":{"dataType":"History", "deleted":"0", "process_failed_to_decrypt":"0", "process_pending_decryption":"0", "process_success":"6", "total":"6"}}
{"logTime": "1212/162835", "correlationVector":"nUpV1P2N7DuRY/f1Kw3hmn.6","action":"GetUpdates Response", "result":"Success", "context":Received 12 update(s). cV=nUpV1P2N7DuRY/f1Kw3hmn.0;server=akswtt023000008;cloudType=Consumer;environment=Prod_southindia_prod-s01-004-apac-southindia;migrationStage=NotStarted}
{"logTime": "1212/162843", "correlationVector":"Kg0eyJPM+xmFQ48a8GRnBs","action":"Commit Request", "result":"", "context":Item count: 5
Contributing types: Preferences, Sessions, History}
{"logTime": "1212/162843", "correlationVector":"Kg0eyJPM+xmFQ48a8GRnBs.1","action":"SyncServerConnectionManagerRequest", "result":"SYNC_SERVER_OK", "context":{"environment":"Prod_southindia_prod-s01-004-apac-southindia", "migrationStage":"NotStarted", "server":"akswtt023000008"}}
{"logTime": "1212/162843", "correlationVector":"Kg0eyJPM+xmFQ48a8GRnBs.2","action":"Commit Response", "result":"Success", "context":Result: Success. cV=Kg0eyJPM+xmFQ48a8GRnBs.0;server=akswtt023000008;cloudType=Consumer;environment=Prod_southindia_prod-s01-004-apac-southindia;migrationStage=NotStarted}
{"logTime": "1212/162925", "correlationVector":"rtZTQb+16z18WqtYhjyQBP","action":"Commit Request", "result":"", "context":Item count: 5
Contributing types: Sessions, History}
{"logTime": "1212/162926", "correlationVector":"rtZTQb+16z18WqtYhjyQBP.1","action":"SyncServerConnectionManagerRequest", "result":"SYNC_SERVER_OK", "context":{"environment":"Prod_southindia_prod-s01-004-apac-southindia", "migrationStage":"NotStarted", "server":"akswtt023000019"}}
{"logTime": "1212/162926", "correlationVector":"rtZTQb+16z18WqtYhjyQBP.2","action":"Commit Response", "result":"Success", "context":Result: Success. cV=rtZTQb+16z18WqtYhjyQBP.0;server=akswtt023000019;cloudType=Consumer;environment=Prod_southindia_prod-s01-004-apac-southindia;migrationStage=NotStarted}
{"logTime": "1213/072800", "correlationVector":"lseUgCeUqSZTTlfR0FUU9f.1","action":"SyncServerConnectionManagerRequest", "result":"SYNC_SERVER_OK", "context":{"environment":"Prod_southindia_prod-s01-004-apac-southindia", "migrationStage":"NotStarted", "server":"akswtt02300002x"}}
{"logTime": "1213/072800", "correlationVector":"lseUgCeUqSZTTlfR0FUU9f.2","action":"ProcessGetUpdates", "result":"Done", "context":{"dataType":"Encryption Keys", "deleted":"0", "process_failed_to_decrypt":"0", "process_pending_decryption":"0", "process_success":"1", "total":"1"}}
{"logTime": "1213/072801", "correlationVector":"gwI+pLTf4+nBhIrClavS83","action":"SyncServerConnectionManagerRequest", "result":"SYNC_SERVER_OK", "context":{"environment":"", "migrationStage":"", "server":""}}
{"logTime": "1213/072801", "correlationVector":"gwI+pLTf4+nBhIrClavS83.0","action":"EncryptionKeysFetcher.DownloadKeys:", "result":"Success", "context":Key count: 1, Last key timestamp: 2025-10-06T15:11:25Z}
{"logTime": "1213/072801", "correlationVector":"gwI+pLTf4+nBhIrClavS83.1","action":"EncryptionKeysManager::SetEncryptionKeys:", "result":"Success", "context":Key names[1]:[3dRIHNrFgENY/cLiOE0f5ydvh4Yj7mktENEbKqp5LsMHN8wgw+oH1K84f6VgVmfNNpeLfz3Av/RZdm1FWH4t1A==]}
{"logTime": "1213/072801", "correlationVector":"gwI+pLTf4+nBhIrClavS83.2","action":"EncryptionKeysManager::SetEncryptionKeysWithTimestamps:", "result":"Success", "context":Key timestamps[1]:[2025-10-06T15:11:25Z]}
{"logTime": "1213/072801", "correlationVector":"lseUgCeUqSZTTlfR0FUU9f","action":"Initial GetUpdates", "result":"", "context":Reason: NEW_CLIENT. cV=lseUgCeUqSZTTlfR0FUU9f}
{"logTime": "1213/072801", "correlationVector":"lseUgCeUqSZTTlfR0FUU9f.3","action":"GetUpdates Response", "result":"Success", "context":Received 1 update(s). cV=lseUgCeUqSZTTlfR0FUU9f.0;server=akswtt02300002x;cloudType=Consumer;environment=Prod_southindia_prod-s01-004-apac-southindia;migrationStage=NotStarted}
{"logTime": "1213/072801", "correlationVector":"YFHS81cNR3pflqB9Ga/220","action":"Initial GetUpdates", "result":"", "context":Reason: NEWLY_SUPPORTED_DATATYPE. cV=YFHS81cNR3pflqB9Ga/220}
{"logTime": "1213/072801", "correlationVector":"YFHS81cNR3pflqB9Ga/220.1","action":"SyncServerConnectionManagerRequest", "result":"SYNC_SERVER_OK", "context":{"environment":"Prod_southindia_prod-s01-004-apac-southindia", "migrationStage":"NotStarted", "server":"akswtt02300001j"}}
{"logTime": "1213/072801", "correlationVector":"YFHS81cNR3pflqB9Ga/220.2","action":"ProcessGetUpdates", "result":"Done", "context":{"dataType":"Passwords", "deleted":"0", "process_failed_to_decrypt":"0", "process_pending_decryption":"0", "process_success":"6", "total":"6"}}
{"logTime": "1213/072801", "correlationVector":"YFHS81cNR3pflqB9Ga/220.3","action":"GetUpdates Response", "result":"Success", "context":Received 6 update(s). cV=YFHS81cNR3pflqB9Ga/220.0;server=akswtt02300001j;cloudType=Consumer;environment=Prod_southindia_prod-s01-004-apac-southindia;migrationStage=NotStarted}
{"logTime": "1213/072801", "correlationVector":"EsILyBPwo5LCfqZ8UcODpa","action":"Normal GetUpdate request", "result":"", "context":cV=EsILyBPwo5LCfqZ8UcODpa
Nudged types: Sessions, Device Info, History
Refresh requested types: Bookmarks, Preferences, Passwords, Autofill Profiles, Autofill, Extensions, Sessions, Extension settings, History Delete Directives, Device Info, User Consents, Send Tab To Self, Web Apps, History, Saved Tab Group, WebAuthn Credentials, Collection, Edge E Drop, Edge Hub App Usage, Edge Wallet, Encryption Keys}
{"logTime": "1213/072801", "correlationVector":"EsILyBPwo5LCfqZ8UcODpa.1","action":"SyncServerConnectionManagerRequest", "result":"SYNC_SERVER_OK", "context":{"environment":"Prod_southindia_prod-s01-004-apac-southindia", "migrationStage":"NotStarted", "server":"akswtt023000022"}}
{"logTime": "1213/072801", "correlationVector":"EsILyBPwo5LCfqZ8UcODpa.2","action":"ProcessGetUpdates", "result":"Done", "context":{"dataType":"Preferences", "deleted":"0", "process_failed_to_decrypt":"0", "process_pending_decryption":"0", "process_success":"4", "total":"4"}}
{"logTime": "1213/072801", "correlationVector":"EsILyBPwo5LCfqZ8UcODpa.3","action":"ProcessGetUpdates", "result":"Done", "context":{"dataType":"Sessions", "deleted":"2", "process_failed_to_decrypt":"0", "process_pending_decryption":"0", "process_success":"6", "total":"6"}}
{"logTime": "1213/072801", "correlationVector":"EsILyBPwo5LCfqZ8UcODpa.4","action":"ProcessGetUpdates", "result":"Done", "context":{"dataType":"Device Info", "deleted":"0", "process_failed_to_decrypt":"0", "process_pending_decryption":"0", "process_success":"1", "total":"1"}}
{"logTime": "1213/072801", "correlationVector":"EsILyBPwo5LCfqZ8UcODpa.5","action":"ProcessGetUpdates", "result":"Done", "context":{"dataType":"History", "deleted":"0", "process_failed_to_decrypt":"0", "process_pending_decryption":"0", "process_success":"8", "total":"8"}}
{"logTime": "1213/072801", "correlationVector":"EsILyBPwo5LCfqZ8UcODpa.6","action":"GetUpdates Response", "result":"Success", "context":Received 19 update(s). cV=EsILyBPwo5LCfqZ8UcODpa.0;server=akswtt023000022;cloudType=Consumer;environment=Prod_southindia_prod-s01-004-apac-southindia;migrationStage=NotStarted}
{"logTime": "1213/072801", "correlationVector":"lLyUSLBsnZsDRVtdhx/mM6","action":"Commit Request", "result":"", "context":Item count: 8
Contributing types: Sessions, Device Info, History}
{"logTime": "1213/072802", "correlationVector":"lLyUSLBsnZsDRVtdhx/mM6.1","action":"SyncServerConnectionManagerRequest", "result":"SYNC_SERVER_OK", "context":{"environment":"Prod_southindia_prod-s01-004-apac-southindia", "migrationStage":"NotStarted", "server":"akswtt02300001n"}}
{"logTime": "1213/072802", "correlationVector":"lLyUSLBsnZsDRVtdhx/mM6.2","action":"Commit Response", "result":"Success", "context":Result: Success. cV=lLyUSLBsnZsDRVtdhx/mM6.0;server=akswtt02300001n;cloudType=Consumer;environment=Prod_southindia_prod-s01-004-apac-southindia;migrationStage=NotStarted}
{"logTime": "1213/072802", "correlationVector":"lLyUSLBsnZsDRVtdhx/mM6.3","action":"Commit.Sessions", "result":"Success", "context":{"id":"72720dce-b5bf-4293-9cd9-0431374edcd0", "isDeleted":"true", "size":"0", "version":"1765556965299"}}
{"logTime": "1213/072802", "correlationVector":"xIt+3L2FXAznE2EQtTAgPn","action":"Poll GetUpdate request", "result":"", "context":cV=xIt+3L2FXAznE2EQtTAgPn}
{"logTime": "1213/072802", "correlationVector":"xIt+3L2FXAznE2EQtTAgPn.1","action":"SyncServerConnectionManagerRequest", "result":"SYNC_SERVER_OK", "context":{"environment":"Prod_southindia_prod-s01-004-apac-southindia", "migrationStage":"NotStarted", "server":"akswtt02300000a"}}
{"logTime": "1213/072802", "correlationVector":"xIt+3L2FXAznE2EQtTAgPn.2","action":"ProcessGetUpdates", "result":"Done", "context":{"dataType":"Sessions", "deleted":"1", "process_failed_to_decrypt":"0", "process_pending_decryption":"0", "process_success":"3", "total":"3"}}
{"logTime": "1213/072802", "correlationVector":"xIt+3L2FXAznE2EQtTAgPn.3","action":"ProcessGetUpdates", "result":"Done", "context":{"dataType":"Device Info", "deleted":"0", "process_failed_to_decrypt":"0", "process_pending_decryption":"0", "process_success":"1", "total":"1"}}
{"logTime": "1213/072802", "correlationVector":"xIt+3L2FXAznE2EQtTAgPn.4","action":"ProcessGetUpdates", "result":"Done", "context":{"dataType":"History", "deleted":"0", "process_failed_to_decrypt":"0", "process_pending_decryption":"0", "process_success":"4", "total":"4"}}
{"logTime": "1213/072802", "correlationVector":"xIt+3L2FXAznE2EQtTAgPn.5","action":"GetUpdates Response", "result":"Success", "context":Received 8 update(s). cV=xIt+3L2FXAznE2EQtTAgPn.0;server=akswtt02300000a;cloudType=Consumer;environment=Prod_southindia_prod-s01-004-apac-southindia;migrationStage=NotStarted}
{"logTime": "1213/072852", "correlationVector":"82+5aaf1XPdUy1Bj4LbN8x","action":"Commit Request", "result":"", "context":Item count: 7
Contributing types: Preferences, Sessions, History}
{"logTime": "1213/072852", "correlationVector":"82+5aaf1XPdUy1Bj4LbN8x.1","action":"SyncServerConnectionManagerRequest", "result":"SYNC_SERVER_OK", "context":{"environment":"Prod_southindia_prod-s01-004-apac-southindia", "migrationStage":"NotStarted", "server":"akswtt02300000k"}}
{"logTime": "1213/072852", "correlationVector":"82+5aaf1XPdUy1Bj4LbN8x.2","action":"Commit Response", "result":"Success", "context":Result: Success. cV=82+5aaf1XPdUy1Bj4LbN8x.0;server=akswtt02300000k;cloudType=Consumer;environment=Prod_southindia_prod-s01-004-apac-southindia;migrationStage=NotStarted}
{"logTime": "1216/073905", "correlationVector":"4MneFkJylVwWAKW7bgaXOZ.1","action":"SyncServerConnectionManagerRequest", "result":"SYNC_SERVER_OK", "context":{"environment":"Prod_southindia_prod-s01-004-apac-southindia", "migrationStage":"NotStarted", "server":"akswtt02300001j"}}
{"logTime": "1216/073905", "correlationVector":"4MneFkJylVwWAKW7bgaXOZ.2","action":"ProcessGetUpdates", "result":"Done", "context":{"dataType":"Encryption Keys", "deleted":"0", "process_failed_to_decrypt":"0", "process_pending_decryption":"0", "process_success":"1", "total":"1"}}
{"logTime": "1216/073906", "correlationVector":"GdK6sc8AtC1MA1ba9gVx47","action":"SyncServerConnectionManagerRequest", "result":"SYNC_SERVER_OK", "context":{"environment":"", "migrationStage":"", "server":""}}
{"logTime": "1216/073906", "correlationVector":"GdK6sc8AtC1MA1ba9gVx47.0","action":"EncryptionKeysFetcher.DownloadKeys:", "result":"Success", "context":Key count: 1, Last key timestamp: 2025-10-06T15:11:25Z}
{"logTime": "1216/073906", "correlationVector":"GdK6sc8AtC1MA1ba9gVx47.1","action":"EncryptionKeysManager::SetEncryptionKeys:", "result":"Success", "context":Key names[1]:[3dRIHNrFgENY/cLiOE0f5ydvh4Yj7mktENEbKqp5LsMHN8wgw+oH1K84f6VgVmfNNpeLfz3Av/RZdm1FWH4t1A==]}
{"logTime": "1216/073906", "correlationVector":"GdK6sc8AtC1MA1ba9gVx47.2","action":"EncryptionKeysManager::SetEncryptionKeysWithTimestamps:", "result":"Success", "context":Key timestamps[1]:[2025-10-06T15:11:25Z]}
{"logTime": "1216/073906", "correlationVector":"4MneFkJylVwWAKW7bgaXOZ","action":"Initial GetUpdates", "result":"", "context":Reason: NEW_CLIENT. cV=4MneFkJylVwWAKW7bgaXOZ}
{"logTime": "1216/073906", "correlationVector":"4MneFkJylVwWAKW7bgaXOZ.3","action":"GetUpdates Response", "result":"Success", "context":Received 1 update(s). cV=4MneFkJylVwWAKW7bgaXOZ.0;server=akswtt02300001j;cloudType=Consumer;environment=Prod_southindia_prod-s01-004-apac-southindia;migrationStage=NotStarted}
{"logTime": "1216/073906", "correlationVector":"t3WUHuj3bZTM2Bnz63hQFF","action":"Initial GetUpdates", "result":"", "context":Reason: NEWLY_SUPPORTED_DATATYPE. cV=t3WUHuj3bZTM2Bnz63hQFF}
{"logTime": "1216/073907", "correlationVector":"t3WUHuj3bZTM2Bnz63hQFF.1","action":"SyncServerConnectionManagerRequest", "result":"SYNC_SERVER_OK", "context":{"environment":"Prod_australiaeast_prod-s01-011-apac-australiaeast", "migrationStage":"NotStarted", "server":"akswtt023000012"}}
{"logTime": "1216/073907", "correlationVector":"t3WUHuj3bZTM2Bnz63hQFF.2","action":"ProcessGetUpdates", "result":"Done", "context":{"dataType":"Passwords", "deleted":"0", "process_failed_to_decrypt":"0", "process_pending_decryption":"0", "process_success":"6", "total":"6"}}
{"logTime": "1216/073907", "correlationVector":"t3WUHuj3bZTM2Bnz63hQFF.3","action":"GetUpdates Response", "result":"Success", "context":Received 6 update(s). cV=t3WUHuj3bZTM2Bnz63hQFF.0;server=akswtt023000012;cloudType=Consumer;environment=Prod_australiaeast_prod-s01-011-apac-australiaeast;migrationStage=NotStarted}
{"logTime": "1216/073907", "correlationVector":"FiMCQGaWD0ch3o3b8y7Qqb","action":"Normal GetUpdate request", "result":"", "context":cV=FiMCQGaWD0ch3o3b8y7Qqb
Nudged types: Sessions, Device Info, History
Refresh requested types: Bookmarks, Preferences, Passwords, Autofill Profiles, Autofill, Extensions, Sessions, Extension settings, History Delete Directives, Device Info, User Consents, Send Tab To Self, Web Apps, History, Saved Tab Group, WebAuthn Credentials, Collection, Edge E Drop, Edge Hub App Usage, Edge Wallet, Encryption Keys}
{"logTime": "1216/073907", "correlationVector":"FiMCQGaWD0ch3o3b8y7Qqb.1","action":"SyncServerConnectionManagerRequest", "result":"SYNC_SERVER_OK", "context":{"environment":"Prod_southindia_prod-s01-004-apac-southindia", "migrationStage":"NotStarted", "server":"akswtt02300001r"}}
{"logTime": "1216/073907", "correlationVector":"FiMCQGaWD0ch3o3b8y7Qqb.2","action":"ProcessGetUpdates", "result":"Done", "context":{"dataType":"Preferences", "deleted":"0", "process_failed_to_decrypt":"0", "process_pending_decryption":"0", "process_success":"8", "total":"8"}}
{"logTime": "1216/073907", "correlationVector":"FiMCQGaWD0ch3o3b8y7Qqb.3","action":"ProcessGetUpdates", "result":"Done", "context":{"dataType":"Autofill Profiles", "deleted":"0", "process_failed_to_decrypt":"0", "process_pending_decryption":"0", "process_success":"1", "total":"1"}}
{"logTime": "1216/073907", "correlationVector":"FiMCQGaWD0ch3o3b8y7Qqb.4","action":"ProcessGetUpdates", "result":"Done", "context":{"dataType":"Autofill", "deleted":"0", "process_failed_to_decrypt":"0", "process_pending_decryption":"0", "process_success":"1", "total":"1"}}
{"logTime": "1216/073907", "correlationVector":"FiMCQGaWD0ch3o3b8y7Qqb.5","action":"ProcessGetUpdates", "result":"Done", "context":{"dataType":"Sessions", "deleted":"4", "process_failed_to_decrypt":"0", "process_pending_decryption":"0", "process_success":"10", "total":"10"}}
{"logTime": "1216/073907", "correlationVector":"FiMCQGaWD0ch3o3b8y7Qqb.6","action":"ProcessGetUpdates", "result":"Done", "context":{"dataType":"Device Info", "deleted":"0", "process_failed_to_decrypt":"0", "process_pending_decryption":"0", "process_success":"1", "total":"1"}}
{"logTime": "1216/073907", "correlationVector":"FiMCQGaWD0ch3o3b8y7Qqb.7","action":"ProcessGetUpdates", "result":"Done", "context":{"dataType":"History", "deleted":"0", "process_failed_to_decrypt":"0", "process_pending_decryption":"0", "process_success":"24", "total":"24"}}
{"logTime": "1216/073907", "correlationVector":"FiMCQGaWD0ch3o3b8y7Qqb.8","action":"GetUpdates Response", "result":"Success", "context":Received 45 update(s). cV=FiMCQGaWD0ch3o3b8y7Qqb.0;server=akswtt02300001r;cloudType=Consumer;environment=Prod_southindia_prod-s01-004-apac-southindia;migrationStage=NotStarted}
{"logTime": "1216/073907", "correlationVector":"qboW+RbDRvesEcxOlMh/kx","action":"Commit Request", "result":"", "context":Item count: 7
Contributing types: Preferences, Sessions, Device Info, History}
{"logTime": "1216/073909", "correlationVector":"qboW+RbDRvesEcxOlMh/kx.1","action":"SyncServerConnectionManagerRequest", "result":"SYNC_SERVER_OK", "context":{"environment":"Prod_australiaeast_prod-s01-011-apac-australiaeast", "migrationStage":"NotStarted", "server":"akswtt02300000r"}}
{"logTime": "1216/073909", "correlationVector":"qboW+RbDRvesEcxOlMh/kx.2","action":"Commit Response", "result":"Success", "context":Result: Success. cV=qboW+RbDRvesEcxOlMh/kx.0;server=akswtt02300000r;cloudType=Consumer;environment=Prod_australiaeast_prod-s01-011-apac-australiaeast;migrationStage=NotStarted}
{"logTime": "1216/073909", "correlationVector":"qboW+RbDRvesEcxOlMh/kx.3","action":"Commit.Sessions", "result":"Success", "context":{"id":"a17ac946-faea-46d3-8c8d-8afde4ce4b13", "isDeleted":"true", "size":"0", "version":"1765610931863"}}
{"logTime": "1216/073909", "correlationVector":"6JBIo/A6Gss+fs0nDiUasN","action":"Poll GetUpdate request", "result":"", "context":cV=6JBIo/A6Gss+fs0nDiUasN}
{"logTime": "1216/073909", "correlationVector":"6JBIo/A6Gss+fs0nDiUasN.1","action":"SyncServerConnectionManagerRequest", "result":"SYNC_SERVER_OK", "context":{"environment":"Prod_southindia_prod-s01-004-apac-southindia", "migrationStage":"NotStarted", "server":"akswtt02300002q"}}
{"logTime": "1216/073909", "correlationVector":"6JBIo/A6Gss+fs0nDiUasN.2","action":"ProcessGetUpdates", "result":"Done", "context":{"dataType":"Preferences", "deleted":"0", "process_failed_to_decrypt":"0", "process_pending_decryption":"0", "process_success":"1", "total":"1"}}
{"logTime": "1216/073909", "correlationVector":"6JBIo/A6Gss+fs0nDiUasN.3","action":"ProcessGetUpdates", "result":"Done", "context":{"dataType":"Sessions", "deleted":"1", "process_failed_to_decrypt":"0", "process_pending_decryption":"0", "process_success":"3", "total":"3"}}
{"logTime": "1216/073909", "correlationVector":"6JBIo/A6Gss+fs0nDiUasN.4","action":"ProcessGetUpdates", "result":"Done", "context":{"dataType":"Device Info", "deleted":"0", "process_failed_to_decrypt":"0", "process_pending_decryption":"0", "process_success":"1", "total":"1"}}
{"logTime": "1216/073909", "correlationVector":"6JBIo/A6Gss+fs0nDiUasN.5","action":"ProcessGetUpdates", "result":"Done", "context":{"dataType":"History", "deleted":"0", "process_failed_to_decrypt":"0", "process_pending_decryption":"0", "process_success":"2", "total":"2"}}
{"logTime": "1216/073909", "correlationVector":"6JBIo/A6Gss+fs0nDiUasN.6","action":"GetUpdates Response", "result":"Success", "context":Received 7 update(s). cV=6JBIo/A6Gss+fs0nDiUasN.0;server=akswtt02300002q;cloudType=Consumer;environment=Prod_southindia_prod-s01-004-apac-southindia;migrationStage=NotStarted}
{"logTime": "1216/073955", "correlationVector":"ZkwSAlRfEpMj8xR//dfIQt","action":"Commit Request", "result":"", "context":Item count: 8
Contributing types: Sessions, History}
{"logTime": "1216/073956", "correlationVector":"ZkwSAlRfEpMj8xR//dfIQt.1","action":"SyncServerConnectionManagerRequest", "result":"SYNC_SERVER_OK", "context":{"environment":"Prod_southindia_prod-s01-004-apac-southindia", "migrationStage":"NotStarted", "server":"akswtt02300000h"}}
{"logTime": "1216/073956", "correlationVector":"ZkwSAlRfEpMj8xR//dfIQt.2","action":"Commit Response", "result":"Success", "context":Result: Success. cV=ZkwSAlRfEpMj8xR//dfIQt.0;server=akswtt02300000h;cloudType=Consumer;environment=Prod_southindia_prod-s01-004-apac-southindia;migrationStage=NotStarted}
{"logTime": "1216/074011", "correlationVector":"VOuOWyn/VfGqaY4Axn621N","action":"Commit Request", "result":"", "context":Item count: 1
Contributing types: Device Info}
{"logTime": "1216/074011", "correlationVector":"VOuOWyn/VfGqaY4Axn621N.1","action":"SyncServerConnectionManagerRequest", "result":"SYNC_SERVER_OK", "context":{"environment":"Prod_southindia_prod-s01-004-apac-southindia", "migrationStage":"NotStarted", "server":"akswtt02300001j"}}
{"logTime": "1216/074011", "correlationVector":"VOuOWyn/VfGqaY4Axn621N.2","action":"Commit Response", "result":"Success", "context":Result: Success. cV=VOuOWyn/VfGqaY4Axn621N.0;server=akswtt02300001j;cloudType=Consumer;environment=Prod_southindia_prod-s01-004-apac-southindia;migrationStage=NotStarted}
{"logTime": "1216/074030", "correlationVector":"CQTCYk5Zz61ilIK/xH/kKN","action":"Normal GetUpdate request", "result":"", "context":cV=CQTCYk5Zz61ilIK/xH/kKN
Notified types: Preferences, Device Info, History}
{"logTime": "1216/074030", "correlationVector":"CQTCYk5Zz61ilIK/xH/kKN.1","action":"SyncServerConnectionManagerRequest", "result":"SYNC_SERVER_OK", "context":{"environment":"Prod_southindia_prod-s01-004-apac-southindia", "migrationStage":"NotStarted", "server":"akswtt023000029"}}
{"logTime": "1216/074030", "correlationVector":"CQTCYk5Zz61ilIK/xH/kKN.2","action":"ProcessGetUpdates", "result":"Done", "context":{"dataType":"Preferences", "deleted":"0", "process_failed_to_decrypt":"0", "process_pending_decryption":"0", "process_success":"2", "total":"2"}}
{"logTime": "1216/074030", "correlationVector":"CQTCYk5Zz61ilIK/xH/kKN.3","action":"ProcessGetUpdates", "result":"Done", "context":{"dataType":"Sessions", "deleted":"4", "process_failed_to_decrypt":"0", "process_pending_decryption":"0", "process_success":"7", "total":"7"}}
{"logTime": "1216/074030", "correlationVector":"CQTCYk5Zz61ilIK/xH/kKN.4","action":"ProcessGetUpdates", "result":"Done", "context":{"dataType":"Device Info", "deleted":"0", "process_failed_to_decrypt":"0", "process_pending_decryption":"0", "process_success":"2", "total":"2"}}
{"logTime": "1216/074030", "correlationVector":"CQTCYk5Zz61ilIK/xH/kKN.5","action":"ProcessGetUpdates", "result":"Done", "context":{"dataType":"History", "deleted":"0", "process_failed_to_decrypt":"0", "process_pending_decryption":"0", "process_success":"11", "total":"11"}}
{"logTime": "1216/074030", "correlationVector":"CQTCYk5Zz61ilIK/xH/kKN.6","action":"GetUpdates Response", "result":"Success", "context":Received 22 update(s). cV=CQTCYk5Zz61ilIK/xH/kKN.0;server=akswtt023000029;cloudType=Consumer;environment=Prod_southindia_prod-s01-004-apac-southindia;migrationStage=NotStarted}
{"logTime": "1216/074031", "correlationVector":"++s1T1TuVpxMcKtTNxTb3c","action":"Normal GetUpdate request", "result":"", "context":cV=++s1T1TuVpxMcKtTNxTb3c
Notified types: History}
{"logTime": "1216/074031", "correlationVector":"++s1T1TuVpxMcKtTNxTb3c.1","action":"SyncServerConnectionManagerRequest", "result":"SYNC_SERVER_OK", "context":{"environment":"Prod_southindia_prod-s01-004-apac-southindia", "migrationStage":"NotStarted", "server":"akswtt02300000j"}}
{"logTime": "1216/074031", "correlationVector":"++s1T1TuVpxMcKtTNxTb3c.2","action":"ProcessGetUpdates", "result":"Done", "context":{"dataType":"Sessions", "deleted":"0", "process_failed_to_decrypt":"0", "process_pending_decryption":"0", "process_success":"1", "total":"1"}}
{"logTime": "1216/074031", "correlationVector":"++s1T1TuVpxMcKtTNxTb3c.3","action":"ProcessGetUpdates", "result":"Done", "context":{"dataType":"History", "deleted":"0", "process_failed_to_decrypt":"0", "process_pending_decryption":"0", "process_success":"2", "total":"2"}}
{"logTime": "1216/074031", "correlationVector":"++s1T1TuVpxMcKtTNxTb3c.4","action":"GetUpdates Response", "result":"Success", "context":Received 3 update(s). cV=++s1T1TuVpxMcKtTNxTb3c.0;server=akswtt02300000j;cloudType=Consumer;environment=Prod_southindia_prod-s01-004-apac-southindia;migrationStage=NotStarted}
{"logTime": "1216/074131", "correlationVector":"xiYRw1OidYMovouxLbjie3","action":"Normal GetUpdate request", "result":"", "context":cV=xiYRw1OidYMovouxLbjie3
Notified types: History}
{"logTime": "1216/074131", "correlationVector":"xiYRw1OidYMovouxLbjie3.1","action":"SyncServerConnectionManagerRequest", "result":"SYNC_SERVER_OK", "context":{"environment":"Prod_southindia_prod-s01-004-apac-southindia", "migrationStage":"NotStarted", "server":"akswtt02300001j"}}
{"logTime": "1216/074131", "correlationVector":"xiYRw1OidYMovouxLbjie3.2","action":"ProcessGetUpdates", "result":"Done", "context":{"dataType":"Sessions", "deleted":"0", "process_failed_to_decrypt":"0", "process_pending_decryption":"0", "process_success":"1", "total":"1"}}
{"logTime": "1216/074131", "correlationVector":"xiYRw1OidYMovouxLbjie3.3","action":"ProcessGetUpdates", "result":"Done", "context":{"dataType":"History", "deleted":"0", "process_failed_to_decrypt":"0", "process_pending_decryption":"0", "process_success":"4", "total":"4"}}
{"logTime": "1216/074131", "correlationVector":"xiYRw1OidYMovouxLbjie3.4","action":"GetUpdates Response", "result":"Success", "context":Received 5 update(s). cV=xiYRw1OidYMovouxLbjie3.0;server=akswtt02300001j;cloudType=Consumer;environment=Prod_southindia_prod-s01-004-apac-southindia;migrationStage=NotStarted}
{"logTime": "1216/074243", "correlationVector":"86x56SKRIZi7gJfEPKUbqK","action":"Normal GetUpdate request", "result":"", "context":cV=86x56SKRIZi7gJfEPKUbqK
Notified types: History}
{"logTime": "1216/074244", "correlationVector":"86x56SKRIZi7gJfEPKUbqK.1","action":"SyncServerConnectionManagerRequest", "result":"SYNC_SERVER_OK", "context":{"environment":"Prod_southindia_prod-s01-004-apac-southindia", "migrationStage":"NotStarted", "server":"akswtt02300002t"}}
{"logTime": "1216/074244", "correlationVector":"86x56SKRIZi7gJfEPKUbqK.2","action":"ProcessGetUpdates", "result":"Done", "context":{"dataType":"Sessions", "deleted":"0", "process_failed_to_decrypt":"0", "process_pending_decryption":"0", "process_success":"1", "total":"1"}}
{"logTime": "1216/074244", "correlationVector":"86x56SKRIZi7gJfEPKUbqK.3","action":"ProcessGetUpdates", "result":"Done", "context":{"dataType":"History", "deleted":"0", "process_failed_to_decrypt":"0", "process_pending_decryption":"0", "process_success":"3", "total":"3"}}
{"logTime": "1216/074244", "correlationVector":"86x56SKRIZi7gJfEPKUbqK.4","action":"GetUpdates Response", "result":"Success", "context":Received 4 update(s). cV=86x56SKRIZi7gJfEPKUbqK.0;server=akswtt02300002t;cloudType=Consumer;environment=Prod_southindia_prod-s01-004-apac-southindia;migrationStage=NotStarted}
{"logTime": "1216/074447", "correlationVector":"czMTNQUATcfSCZuq76dKWu","action":"Commit Request", "result":"", "context":Item count: 3
Contributing types: Sessions, History}
{"logTime": "1216/074447", "correlationVector":"czMTNQUATcfSCZuq76dKWu.1","action":"SyncServerConnectionManagerRequest", "result":"SYNC_SERVER_OK", "context":{"environment":"Prod_southindia_prod-s01-004-apac-southindia", "migrationStage":"NotStarted", "server":"akswtt023000014"}}
{"logTime": "1216/074447", "correlationVector":"czMTNQUATcfSCZuq76dKWu.2","action":"Commit Response", "result":"Success", "context":Result: Success. cV=czMTNQUATcfSCZuq76dKWu.0;server=akswtt023000014;cloudType=Consumer;environment=Prod_southindia_prod-s01-004-apac-southindia;migrationStage=NotStarted}
{"logTime": "1216/080038", "correlationVector":"ZT+L5CPR5dt9or0dfDDuK7","action":"Normal GetUpdate request", "result":"", "context":cV=ZT+L5CPR5dt9or0dfDDuK7
Notified types: Preferences, Device Info, History}
{"logTime": "1216/080039", "correlationVector":"ZT+L5CPR5dt9or0dfDDuK7.1","action":"SyncServerConnectionManagerRequest", "result":"SYNC_SERVER_OK", "context":{"environment":"Prod_southindia_prod-s01-004-apac-southindia", "migrationStage":"NotStarted", "server":"akswtt02300000s"}}
{"logTime": "1216/080039", "correlationVector":"ZT+L5CPR5dt9or0dfDDuK7.2","action":"ProcessGetUpdates", "result":"Done", "context":{"dataType":"Preferences", "deleted":"0", "process_failed_to_decrypt":"0", "process_pending_decryption":"0", "process_success":"2", "total":"2"}}
{"logTime": "1216/080039", "correlationVector":"ZT+L5CPR5dt9or0dfDDuK7.3","action":"ProcessGetUpdates", "result":"Done", "context":{"dataType":"Sessions", "deleted":"1", "process_failed_to_decrypt":"0", "process_pending_decryption":"0", "process_success":"5", "total":"5"}}
{"logTime": "1216/080039", "correlationVector":"ZT+L5CPR5dt9or0dfDDuK7.4","action":"ProcessGetUpdates", "result":"Done", "context":{"dataType":"Device Info", "deleted":"0", "process_failed_to_decrypt":"0", "process_pending_decryption":"0", "process_success":"1", "total":"1"}}
{"logTime": "1216/080039", "correlationVector":"ZT+L5CPR5dt9or0dfDDuK7.5","action":"ProcessGetUpdates", "result":"Done", "context":{"dataType":"History", "deleted":"0", "process_failed_to_decrypt":"0", "process_pending_decryption":"0", "process_success":"4", "total":"4"}}
{"logTime": "1216/080039", "correlationVector":"ZT+L5CPR5dt9or0dfDDuK7.6","action":"GetUpdates Response", "result":"Success", "context":Received 12 update(s). cV=ZT+L5CPR5dt9or0dfDDuK7.0;server=akswtt02300000s;cloudType=Consumer;environment=Prod_southindia_prod-s01-004-apac-southindia;migrationStage=NotStarted}
{"logTime": "1216/080219", "correlationVector":"B096lhGZVysm7pgkC0rzXu","action":"Normal GetUpdate request", "result":"", "context":cV=B096lhGZVysm7pgkC0rzXu
Notified types: History}
{"logTime": "1216/080219", "correlationVector":"B096lhGZVysm7pgkC0rzXu.1","action":"SyncServerConnectionManagerRequest", "result":"SYNC_SERVER_OK", "context":{"environment":"Prod_southindia_prod-s01-004-apac-southindia", "migrationStage":"NotStarted", "server":"akswtt02300000x"}}
{"logTime": "1216/080219", "correlationVector":"B096lhGZVysm7pgkC0rzXu.2","action":"ProcessGetUpdates", "result":"Done", "context":{"dataType":"Sessions", "deleted":"0", "process_failed_to_decrypt":"0", "process_pending_decryption":"0", "process_success":"1", "total":"1"}}
{"logTime": "1216/080219", "correlationVector":"B096lhGZVysm7pgkC0rzXu.3","action":"ProcessGetUpdates", "result":"Done", "context":{"dataType":"History", "deleted":"0", "process_failed_to_decrypt":"0", "process_pending_decryption":"0", "process_success":"1", "total":"1"}}
{"logTime": "1216/080219", "correlationVector":"B096lhGZVysm7pgkC0rzXu.4","action":"GetUpdates Response", "result":"Success", "context":Received 2 update(s). cV=B096lhGZVysm7pgkC0rzXu.0;server=akswtt02300000x;cloudType=Consumer;environment=Prod_southindia_prod-s01-004-apac-southindia;migrationStage=NotStarted}
{"logTime": "1216/080610", "correlationVector":"jVe+f9cFSqBvAp6kmwH72W","action":"Commit Request", "result":"", "context":Item count: 6
Contributing types: Sessions, History}
{"logTime": "1216/080610", "correlationVector":"jVe+f9cFSqBvAp6kmwH72W.1","action":"SyncServerConnectionManagerRequest", "result":"SYNC_SERVER_OK", "context":{"environment":"Prod_southindia_prod-s01-004-apac-southindia", "migrationStage":"NotStarted", "server":"akswtt02300000d"}}
{"logTime": "1216/080610", "correlationVector":"jVe+f9cFSqBvAp6kmwH72W.2","action":"Commit Response", "result":"Success", "context":Result: Success. cV=jVe+f9cFSqBvAp6kmwH72W.0;server=akswtt02300000d;cloudType=Consumer;environment=Prod_southindia_prod-s01-004-apac-southindia;migrationStage=NotStarted}
{"logTime": "1216/081631", "correlationVector":"Jn+Gnrz/HjbagHAsfYR/2N","action":"Commit Request", "result":"", "context":Item count: 1
Contributing types: Preferences}
{"logTime": "1216/081632", "correlationVector":"Jn+Gnrz/HjbagHAsfYR/2N.1","action":"SyncServerConnectionManagerRequest", "result":"SYNC_SERVER_OK", "context":{"environment":"Prod_southindia_prod-s01-004-apac-southindia", "migrationStage":"NotStarted", "server":"akswtt02300002u"}}
{"logTime": "1216/081632", "correlationVector":"Jn+Gnrz/HjbagHAsfYR/2N.2","action":"Commit Response", "result":"Success", "context":Result: Success. cV=Jn+Gnrz/HjbagHAsfYR/2N.0;server=akswtt02300002u;cloudType=Consumer;environment=Prod_southindia_prod-s01-004-apac-southindia;migrationStage=NotStarted}
