2025-12-11 14:57:22.327: [INFO][Sync] Reset engine, reason: 8
2025-12-11 14:57:22.327: [INFO][Sync] Stopped: Bookmarks
2025-12-11 14:57:22.327: [INFO][Sync] Stopped: Preferences
2025-12-11 14:57:22.327: [INFO][Sync] Stopped: Passwords
2025-12-11 14:57:22.327: [INFO][Sync] Stopped: Autofill Profiles
2025-12-11 14:57:22.327: [INFO][Sync] Stopped: Autofill
2025-12-11 14:57:22.327: [INFO][Sync] Stopped: Extensions
2025-12-11 14:57:22.327: [INFO][Sync] Stopped: Sessions
2025-12-11 14:57:22.327: [INFO][Sync] Stopped: Extension settings
2025-12-11 14:57:22.327: [INFO][Sync] Stopped: History Delete Directives
2025-12-11 14:57:22.327: [INFO][Sync] Stopped: Device Info
2025-12-11 14:57:22.327: [INFO][Sync] Stopped: User Consents
2025-12-11 14:57:22.327: [INFO][Sync] Stopped: Send Tab To Self
2025-12-11 14:57:22.327: [INFO][Sync] Stopped: Web Apps
2025-12-11 14:57:22.327: [INFO][Sync] Stopped: History
2025-12-11 14:57:22.327: [INFO][Sync] Stopped: Saved Tab Group
2025-12-11 14:57:22.327: [INFO][Sync] Stopped: WebAuthn Credentials
2025-12-11 14:57:22.327: [INFO][Sync] Stopped: Collection
2025-12-11 14:57:22.327: [INFO][Sync] Stopped: Edge E Drop
2025-12-11 14:57:22.327: [INFO][Sync] Stopped: Edge Hub App Usage
2025-12-11 14:57:22.327: [INFO][Sync] Stopped: Edge Wallet
2025-12-11 14:57:22.327: [INFO][Sync] SyncState after authenticated was: NotSignedIn
2025-12-11 14:57:22.556: [INFO][Sync] Reset engine, reason: 8
2025-12-11 14:57:22.556: [INFO][Sync] Stopped: Bookmarks
2025-12-11 14:57:22.556: [INFO][Sync] Stopped: Preferences
2025-12-11 14:57:22.557: [INFO][Sync] Stopped: Passwords
2025-12-11 14:57:22.557: [INFO][Sync] Stopped: Autofill Profiles
2025-12-11 14:57:22.557: [INFO][Sync] Stopped: Autofill
2025-12-11 14:57:22.557: [INFO][Sync] Stopped: Extensions
2025-12-11 14:57:22.557: [INFO][Sync] Stopped: Sessions
2025-12-11 14:57:22.557: [INFO][Sync] Stopped: Extension settings
2025-12-11 14:57:22.557: [INFO][Sync] Stopped: History Delete Directives
2025-12-11 14:57:22.557: [INFO][Sync] Stopped: Device Info
2025-12-11 14:57:22.557: [INFO][Sync] Stopped: User Consents
2025-12-11 14:57:22.557: [INFO][Sync] Stopped: Send Tab To Self
2025-12-11 14:57:22.557: [INFO][Sync] Stopped: Web Apps
2025-12-11 14:57:22.557: [INFO][Sync] Stopped: History
2025-12-11 14:57:22.557: [INFO][Sync] Stopped: Saved Tab Group
2025-12-11 14:57:22.557: [INFO][Sync] Stopped: WebAuthn Credentials
2025-12-11 14:57:22.557: [INFO][Sync] Stopped: Collection
2025-12-11 14:57:22.557: [INFO][Sync] Stopped: Edge E Drop
2025-12-11 14:57:22.557: [INFO][Sync] Stopped: Edge Hub App Usage
2025-12-11 14:57:22.557: [INFO][Sync] Stopped: Edge Wallet
2025-12-11 14:57:22.726: [INFO][Sync] Try to start sync engine
2025-12-11 14:57:22.737: [INFO][SyncManagerImpl::NudgeForInitialDownload] Initial download nudge for Encryption Keys
2025-12-11 14:57:22.737: [INFO][SyncEngineBackend::LoadAndConnectNigoriController] Load and connect Nigori controller
2025-12-11 14:57:22.737: [INFO][SyncEngineBackend::DoInitialize] Control Types added: Encryption Keys
2025-12-11 14:57:22.737: [INFO][SyncManagerImpl::ConfigureSyncer] Types to download: Encryption Keys with reason: 3
2025-12-11 14:57:22.737: [INFO][SyncSchedulerImpl::DoConfigurationSyncCycleJob] Configure job was blocked
2025-12-11 14:57:22.932: [INFO][SyncAuthManager::SetLastAuthError] Current auth error: None
2025-12-11 14:57:22.932: [INFO][SyncAuthManager::EdgeLogTokenErrorState] Token error with: None for account type: MSA
2025-12-11 14:57:22.932: [INFO][Sync] Credentials changed for: EdgeSyncScopeNew
2025-12-11 14:57:26.075: [INFO][SyncAuthManager::SetLastAuthError] Current auth error: None
2025-12-11 14:57:26.075: [INFO][SyncAuthManager::EdgeLogTokenErrorState] Token error with: None for account type: MSA
2025-12-11 14:57:26.075: [INFO][Sync] Credentials changed for: EdgeSyncKeyDataScope
2025-12-11 14:57:26.075: [INFO][SyncEngineBackend::DoUpdateKeyDataCredentials] Update key data credentials
2025-12-11 14:57:26.075: [INFO][SyncEngineBackend::DoUpdateCredentials] Update credentials
2025-12-11 14:57:26.075: [INFO][SyncSchedulerImpl::DoConfigurationSyncCycleJob] Blocked types:  and types to download: Encryption Keys
2025-12-11 14:57:26.343: [INFO][Sync] Started DataTypeManager configuration, reason: 4
2025-12-11 14:57:26.343: [INFO][Sync] Configuring for: Bookmarks, Preferences, Passwords, Autofill Profiles, Autofill, Extensions, Sessions, Extension settings, History Delete Directives, Device Info, User Consents, Send Tab To Self, Web Apps, History, Saved Tab Group, WebAuthn Credentials, Collection, Edge E Drop, Edge Hub App Usage, Edge Wallet, Encryption Keys, reason: 3, current state: 0
2025-12-11 14:57:26.343: [WARN][Sync] Crypto error data types: Passwords, Autofill Profiles, Autofill
2025-12-11 14:57:26.344: [INFO][Sync] Configure, desired: Bookmarks, Preferences, Extensions, Sessions, Extension settings, History Delete Directives, Device Info, User Consents, Send Tab To Self, Web Apps, History, Saved Tab Group, WebAuthn Credentials, Collection, Edge E Drop, Edge Hub App Usage, Edge Wallet, Encryption Keys; Allow fail: Passwords, Autofill Profiles, Autofill
2025-12-11 14:57:26.344: [INFO][Sync] Loading: Bookmarks
2025-12-11 14:57:26.344: [INFO][Sync] Loading: Preferences
2025-12-11 14:57:26.344: [INFO][Sync] Loading: Extensions
2025-12-11 14:57:26.344: [INFO][Sync] Loading: Sessions
2025-12-11 14:57:26.344: [INFO][Sync] Loading: Extension settings
2025-12-11 14:57:26.344: [INFO][Sync] Loading: History Delete Directives
2025-12-11 14:57:26.344: [INFO][Sync] Loading: Device Info
2025-12-11 14:57:26.345: [INFO][Sync] Loading: User Consents
2025-12-11 14:57:26.345: [INFO][Sync] Loading: Send Tab To Self
2025-12-11 14:57:26.345: [INFO][Sync] Loading: Web Apps
2025-12-11 14:57:26.345: [INFO][Sync] Loading: History
2025-12-11 14:57:26.345: [INFO][Sync] Loading: Saved Tab Group
2025-12-11 14:57:26.345: [INFO][Sync] Loading: WebAuthn Credentials
2025-12-11 14:57:26.345: [INFO][Sync] Loading: Collection
2025-12-11 14:57:26.345: [INFO][Sync] Loading: Edge E Drop
2025-12-11 14:57:26.345: [INFO][Sync] Loading: Edge Hub App Usage
2025-12-11 14:57:26.345: [INFO][Sync] Loading: Edge Wallet
2025-12-11 14:57:26.350: [INFO][Sync] All data types are ready for configure.
2025-12-11 14:57:27.023: [INFO][SyncEngineBackend::DoStartConfiguration] Start configuration
2025-12-11 14:57:27.023: [INFO][SyncManagerImpl::NudgeForInitialDownload] Initial download nudge for Bookmarks
2025-12-11 14:57:27.023: [INFO][SyncManagerImpl::NudgeForInitialDownload] Initial download nudge for Preferences
2025-12-11 14:57:27.023: [INFO][SyncManagerImpl::NudgeForInitialDownload] Initial download nudge for Extensions
2025-12-11 14:57:27.023: [INFO][SyncManagerImpl::NudgeForInitialDownload] Initial download nudge for Sessions
2025-12-11 14:57:27.023: [INFO][SyncManagerImpl::NudgeForInitialDownload] Initial download nudge for Extension settings
2025-12-11 14:57:27.023: [INFO][SyncManagerImpl::NudgeForInitialDownload] Initial download nudge for History Delete Directives
2025-12-11 14:57:27.023: [INFO][SyncManagerImpl::NudgeForInitialDownload] Initial download nudge for Device Info
2025-12-11 14:57:27.023: [INFO][SyncManagerImpl::NudgeForInitialDownload] Initial download nudge for Send Tab To Self
2025-12-11 14:57:27.023: [INFO][SyncManagerImpl::NudgeForInitialDownload] Initial download nudge for Web Apps
2025-12-11 14:57:27.023: [INFO][SyncManagerImpl::NudgeForInitialDownload] Initial download nudge for History
2025-12-11 14:57:27.023: [INFO][SyncManagerImpl::NudgeForInitialDownload] Initial download nudge for Saved Tab Group
2025-12-11 14:57:27.023: [INFO][SyncManagerImpl::NudgeForInitialDownload] Initial download nudge for WebAuthn Credentials
2025-12-11 14:57:27.023: [INFO][SyncManagerImpl::NudgeForInitialDownload] Initial download nudge for Collection
2025-12-11 14:57:27.023: [INFO][SyncManagerImpl::NudgeForInitialDownload] Initial download nudge for Edge E Drop
2025-12-11 14:57:27.023: [INFO][SyncManagerImpl::NudgeForInitialDownload] Initial download nudge for Edge Hub App Usage
2025-12-11 14:57:27.023: [INFO][SyncManagerImpl::NudgeForInitialDownload] Initial download nudge for Edge Wallet
2025-12-11 14:57:27.023: [INFO][SyncManagerImpl::ConfigureSyncer] Types to download:  with reason: 3
2025-12-11 14:57:27.023: [INFO][SyncEngineBackend::DoFinishConfigureDataTypes] Failed to download types:  and succeeded types: 
2025-12-11 14:57:27.026: [INFO][Sync] Started DataTypeManager configuration, reason: 5
2025-12-11 14:57:27.026: [INFO][Sync] Configuring for: Bookmarks, Preferences, Passwords, Autofill Profiles, Autofill, Extensions, Sessions, Extension settings, History Delete Directives, Device Info, User Consents, Send Tab To Self, Web Apps, History, Saved Tab Group, WebAuthn Credentials, Collection, Edge E Drop, Edge Hub App Usage, Edge Wallet, Encryption Keys, reason: 5, current state: 1
2025-12-11 14:57:27.028: [INFO][Sync] ConfigurationDone, failed: , succeeded: , remaining count: 4
2025-12-11 14:57:27.028: [WARN][Sync]     Reconfigure requested while configuration ongoing.
2025-12-11 14:57:27.028: [INFO][Sync] Configuring for: Bookmarks, Preferences, Passwords, Autofill Profiles, Autofill, Extensions, Sessions, Extension settings, History Delete Directives, Device Info, User Consents, Send Tab To Self, Web Apps, History, Saved Tab Group, WebAuthn Credentials, Collection, Edge E Drop, Edge Hub App Usage, Edge Wallet, Encryption Keys, reason: 5, current state: 2
2025-12-11 14:57:27.028: [INFO][Sync] Configure, desired: Bookmarks, Preferences, Passwords, Autofill Profiles, Autofill, Extensions, Sessions, Extension settings, History Delete Directives, Device Info, User Consents, Send Tab To Self, Web Apps, History, Saved Tab Group, WebAuthn Credentials, Collection, Edge E Drop, Edge Hub App Usage, Edge Wallet, Encryption Keys; Allow fail: 
2025-12-11 14:57:27.028: [INFO][Sync] Loading: Passwords
2025-12-11 14:57:27.028: [INFO][Sync] Loading: Autofill Profiles
2025-12-11 14:57:27.028: [INFO][Sync] Loading: Autofill
2025-12-11 14:57:27.028: [INFO][Sync] All data types are ready for configure.
2025-12-11 14:57:27.028: [INFO][SyncManagerImpl::NudgeForInitialDownload] Initial download nudge for Passwords
2025-12-11 14:57:27.028: [INFO][SyncManagerImpl::NudgeForInitialDownload] Initial download nudge for Autofill Profiles
2025-12-11 14:57:27.028: [INFO][SyncManagerImpl::NudgeForInitialDownload] Initial download nudge for Autofill
2025-12-11 14:57:27.028: [INFO][SyncManagerImpl::ConfigureSyncer] Types to download:  with reason: 5
2025-12-11 14:57:27.028: [INFO][SyncEngineBackend::DoFinishConfigureDataTypes] Failed to download types:  and succeeded types: 
2025-12-11 14:57:27.028: [INFO][Sync] ConfigurationDone, failed: , succeeded: , remaining count: 4
2025-12-11 14:57:27.028: [INFO][Sync] Prepare to configure types: Preferences, Passwords, Device Info, Send Tab To Self, Edge E Drop, Encryption Keys
2025-12-11 14:57:27.028: [INFO][SyncManagerImpl::ConfigureSyncer] Types to download: Preferences, Passwords, Device Info, Send Tab To Self, Edge E Drop, Encryption Keys with reason: 5
2025-12-11 14:57:27.029: [INFO][SyncSchedulerImpl::DoConfigurationSyncCycleJob] Blocked types:  and types to download: Preferences, Passwords, Device Info, Send Tab To Self, Edge E Drop, Encryption Keys
2025-12-11 14:57:27.678: [INFO][SyncEngineBackend::DoFinishConfigureDataTypes] Failed to download types:  and succeeded types: Preferences, Passwords, Device Info, Send Tab To Self, Edge E Drop, Encryption Keys
2025-12-11 14:57:27.679: [INFO][Sync] ConfigurationDone, failed: , succeeded: Preferences, Passwords, Device Info, Send Tab To Self, Edge E Drop, Encryption Keys, remaining count: 3
2025-12-11 14:57:27.679: [INFO][Sync] Prepare to configure types: Bookmarks, Encryption Keys
2025-12-11 14:57:27.679: [INFO][SyncManagerImpl::ConfigureSyncer] Types to download: Bookmarks, Encryption Keys with reason: 5
2025-12-11 14:57:27.679: [INFO][SyncSchedulerImpl::DoConfigurationSyncCycleJob] Blocked types:  and types to download: Bookmarks, Encryption Keys
2025-12-11 14:57:27.949: [INFO][SyncEngineBackend::DoFinishConfigureDataTypes] Failed to download types:  and succeeded types: Bookmarks, Encryption Keys
2025-12-11 14:57:27.951: [INFO][Sync] ConfigurationDone, failed: , succeeded: Bookmarks, Encryption Keys, remaining count: 2
2025-12-11 14:57:27.951: [INFO][Sync] Prepare to configure types: Autofill Profiles, Autofill, Extensions, Sessions, Extension settings, History Delete Directives, Web Apps, Saved Tab Group, WebAuthn Credentials, Collection, Edge Hub App Usage, Edge Wallet, Encryption Keys
2025-12-11 14:57:27.951: [INFO][SyncManagerImpl::ConfigureSyncer] Types to download: Autofill Profiles, Autofill, Extensions, Sessions, Extension settings, History Delete Directives, Web Apps, Saved Tab Group, WebAuthn Credentials, Collection, Edge Hub App Usage, Edge Wallet, Encryption Keys with reason: 5
2025-12-11 14:57:27.951: [INFO][SyncSchedulerImpl::DoConfigurationSyncCycleJob] Blocked types:  and types to download: Autofill Profiles, Autofill, Extensions, Sessions, Extension settings, History Delete Directives, Web Apps, Saved Tab Group, WebAuthn Credentials, Collection, Edge Hub App Usage, Edge Wallet, Encryption Keys
2025-12-11 14:57:28.515: [INFO][SyncEngineBackend::DoFinishConfigureDataTypes] Failed to download types:  and succeeded types: Autofill Profiles, Autofill, Extensions, Sessions, Extension settings, History Delete Directives, Web Apps, Saved Tab Group, WebAuthn Credentials, Collection, Edge Hub App Usage, Edge Wallet, Encryption Keys
2025-12-11 14:57:28.516: [INFO][Sync] ConfigurationDone, failed: , succeeded: Autofill Profiles, Autofill, Extensions, Sessions, Extension settings, History Delete Directives, Web Apps, Saved Tab Group, WebAuthn Credentials, Collection, Edge Hub App Usage, Edge Wallet, Encryption Keys, remaining count: 1
2025-12-11 14:57:28.518: [INFO][Sync] Prepare to configure types: History, Encryption Keys
2025-12-11 14:57:28.518: [INFO][SyncManagerImpl::ConfigureSyncer] Types to download: History, Encryption Keys with reason: 5
2025-12-11 14:57:28.518: [INFO][SyncSchedulerImpl::DoConfigurationSyncCycleJob] Blocked types:  and types to download: History, Encryption Keys
2025-12-11 14:57:29.128: [INFO][SyncEngineBackend::DoFinishConfigureDataTypes] Failed to download types:  and succeeded types: History, Encryption Keys
2025-12-11 14:57:29.129: [INFO][Sync] ConfigurationDone, failed: , succeeded: History, Encryption Keys, remaining count: 0
2025-12-11 14:57:29.131: [INFO][Sync]     Configuration completed, state: 7
2025-12-11 14:57:29.131: [INFO][Sync] Configured DataTypeManager: Ok
2025-12-11 14:57:29.241: [INFO][SyncEngineBackend::DoStartSyncing] Start syncing
2025-12-11 14:57:52.595: [INFO][Sync] Reset engine, reason: 0
2025-12-11 14:57:52.595: [INFO][Sync] Reset engine with reason: 0
2025-12-12 15:16:35.413: [INFO][Sync] SyncState after authenticated was: FeatureCanStart
2025-12-12 15:16:38.376: [INFO][SyncAuthManager::SetLastAuthError] Current auth error: None
2025-12-12 15:16:38.377: [INFO][SyncAuthManager::EdgeLogTokenErrorState] Token error with: None for account type: MSA
2025-12-12 15:16:38.377: [INFO][Sync] Credentials changed for: EdgeSyncKeyDataScope
2025-12-12 15:16:45.520: [INFO][Sync] Try to start sync engine
2025-12-12 15:16:45.537: [INFO][SyncManagerImpl::NudgeForInitialDownload] Initial download nudge for Encryption Keys
2025-12-12 15:16:45.537: [INFO][SyncEngineBackend::LoadAndConnectNigoriController] Load and connect Nigori controller
2025-12-12 15:16:45.537: [INFO][SyncEngineBackend::DoInitialize] Control Types added: Encryption Keys
2025-12-12 15:16:45.537: [INFO][SyncManagerImpl::ConfigureSyncer] Types to download: Encryption Keys with reason: 3
2025-12-12 15:16:45.538: [INFO][SyncEngineBackend::DoUpdateKeyDataCredentials] Update key data credentials
2025-12-12 15:16:45.538: [INFO][SyncSchedulerImpl::DoConfigurationSyncCycleJob] Configure job was blocked
2025-12-12 15:16:46.475: [INFO][SyncAuthManager::SetLastAuthError] Current auth error: None
2025-12-12 15:16:46.475: [INFO][SyncAuthManager::EdgeLogTokenErrorState] Token error with: None for account type: MSA
2025-12-12 15:16:46.475: [INFO][Sync] Credentials changed for: EdgeSyncScopeNew
2025-12-12 15:16:46.475: [INFO][SyncEngineBackend::DoUpdateCredentials] Update credentials
2025-12-12 15:16:46.475: [INFO][SyncSchedulerImpl::DoConfigurationSyncCycleJob] Blocked types:  and types to download: Encryption Keys
2025-12-12 15:16:46.979: [INFO][SyncEngineBackend::DoUpdateKeyDataCredentials] Update key data credentials
2025-12-12 15:16:46.985: [INFO][Sync] Started DataTypeManager configuration, reason: 4
2025-12-12 15:16:46.985: [INFO][Sync] Configuring for: Bookmarks, Preferences, Passwords, Autofill Profiles, Autofill, Extensions, Sessions, Extension settings, History Delete Directives, Device Info, User Consents, Send Tab To Self, Web Apps, History, Saved Tab Group, WebAuthn Credentials, Collection, Edge E Drop, Edge Hub App Usage, Edge Wallet, Encryption Keys, reason: 4, current state: 0
2025-12-12 15:16:46.985: [WARN][Sync] Crypto error data types: Passwords, Autofill Profiles, Autofill
2025-12-12 15:16:46.988: [INFO][Sync] Configure, desired: Bookmarks, Preferences, Extensions, Sessions, Extension settings, History Delete Directives, Device Info, User Consents, Send Tab To Self, Web Apps, History, Saved Tab Group, WebAuthn Credentials, Collection, Edge E Drop, Edge Hub App Usage, Edge Wallet, Encryption Keys; Allow fail: Passwords, Autofill Profiles, Autofill
2025-12-12 15:16:46.988: [INFO][Sync] Loading: Bookmarks
2025-12-12 15:16:46.988: [INFO][Sync] Loading: Preferences
2025-12-12 15:16:46.988: [INFO][Sync] Loading: Extensions
2025-12-12 15:16:46.988: [INFO][Sync] Loading: Sessions
2025-12-12 15:16:46.989: [INFO][Sync] Loading: Extension settings
2025-12-12 15:16:46.989: [INFO][Sync] Loading: History Delete Directives
2025-12-12 15:16:46.990: [INFO][Sync] Loading: Device Info
2025-12-12 15:16:46.990: [INFO][Sync] Loading: User Consents
2025-12-12 15:16:46.990: [INFO][Sync] Loading: Send Tab To Self
2025-12-12 15:16:46.990: [INFO][Sync] Loading: Web Apps
2025-12-12 15:16:46.990: [INFO][Sync] Loading: History
2025-12-12 15:16:46.990: [INFO][Sync] Loading: Saved Tab Group
2025-12-12 15:16:46.990: [INFO][Sync] Loading: WebAuthn Credentials
2025-12-12 15:16:46.990: [INFO][Sync] Loading: Collection
2025-12-12 15:16:46.990: [INFO][Sync] Loading: Edge E Drop
2025-12-12 15:16:46.990: [INFO][Sync] Loading: Edge Hub App Usage
2025-12-12 15:16:46.990: [INFO][Sync] Loading: Edge Wallet
2025-12-12 15:16:47.007: [INFO][Sync] All data types are ready for configure.
2025-12-12 15:16:47.421: [INFO][Sync] Started DataTypeManager configuration, reason: 5
2025-12-12 15:16:47.421: [INFO][Sync] Configuring for: Bookmarks, Preferences, Passwords, Autofill Profiles, Autofill, Extensions, Sessions, Extension settings, History Delete Directives, Device Info, User Consents, Send Tab To Self, Web Apps, History, Saved Tab Group, WebAuthn Credentials, Collection, Edge E Drop, Edge Hub App Usage, Edge Wallet, Encryption Keys, reason: 5, current state: 1
2025-12-12 15:16:47.422: [INFO][SyncEngineBackend::DoStartConfiguration] Start configuration
2025-12-12 15:16:47.422: [INFO][SyncManagerImpl::NudgeForInitialDownload] Initial download nudge for Extension settings
2025-12-12 15:16:47.422: [INFO][SyncManagerImpl::NudgeForInitialDownload] Initial download nudge for Edge Wallet
2025-12-12 15:16:47.422: [INFO][SyncManagerImpl::ConfigureSyncer] Types to download:  with reason: 4
2025-12-12 15:16:47.422: [INFO][SyncEngineBackend::DoFinishConfigureDataTypes] Failed to download types:  and succeeded types: 
2025-12-12 15:16:47.424: [INFO][Sync] ConfigurationDone, failed: , succeeded: , remaining count: 4
2025-12-12 15:16:47.424: [WARN][Sync]     Reconfigure requested while configuration ongoing.
2025-12-12 15:16:47.424: [INFO][Sync] Configuring for: Bookmarks, Preferences, Passwords, Autofill Profiles, Autofill, Extensions, Sessions, Extension settings, History Delete Directives, Device Info, User Consents, Send Tab To Self, Web Apps, History, Saved Tab Group, WebAuthn Credentials, Collection, Edge E Drop, Edge Hub App Usage, Edge Wallet, Encryption Keys, reason: 5, current state: 2
2025-12-12 15:16:47.424: [INFO][Sync] Configure, desired: Bookmarks, Preferences, Passwords, Autofill Profiles, Autofill, Extensions, Sessions, Extension settings, History Delete Directives, Device Info, User Consents, Send Tab To Self, Web Apps, History, Saved Tab Group, WebAuthn Credentials, Collection, Edge E Drop, Edge Hub App Usage, Edge Wallet, Encryption Keys; Allow fail: 
2025-12-12 15:16:47.424: [INFO][Sync] Loading: Passwords
2025-12-12 15:16:47.424: [INFO][Sync] Loading: Autofill Profiles
2025-12-12 15:16:47.424: [INFO][Sync] Loading: Autofill
2025-12-12 15:16:47.424: [INFO][Sync] All data types are ready for configure.
2025-12-12 15:16:47.424: [INFO][SyncManagerImpl::NudgeForInitialDownload] Initial download nudge for Passwords
2025-12-12 15:16:47.424: [INFO][SyncManagerImpl::NudgeForInitialDownload] Initial download nudge for Autofill Profiles
2025-12-12 15:16:47.424: [INFO][SyncManagerImpl::NudgeForInitialDownload] Initial download nudge for Autofill
2025-12-12 15:16:47.424: [INFO][SyncManagerImpl::ConfigureSyncer] Types to download:  with reason: 5
2025-12-12 15:16:47.424: [INFO][SyncEngineBackend::DoFinishConfigureDataTypes] Failed to download types:  and succeeded types: 
2025-12-12 15:16:47.424: [INFO][Sync] ConfigurationDone, failed: , succeeded: , remaining count: 4
2025-12-12 15:16:47.424: [INFO][Sync] Prepare to configure types: Passwords, Encryption Keys
2025-12-12 15:16:47.424: [INFO][SyncManagerImpl::ConfigureSyncer] Types to download: Passwords, Encryption Keys with reason: 5
2025-12-12 15:16:47.424: [INFO][SyncSchedulerImpl::DoConfigurationSyncCycleJob] Blocked types:  and types to download: Passwords, Encryption Keys
2025-12-12 15:16:47.629: [INFO][SyncEngineBackend::DoFinishConfigureDataTypes] Failed to download types:  and succeeded types: Passwords, Encryption Keys
2025-12-12 15:16:47.631: [INFO][Sync] ConfigurationDone, failed: , succeeded: Passwords, Encryption Keys, remaining count: 3
2025-12-12 15:16:47.631: [INFO][SyncManagerImpl::ConfigureSyncer] Types to download:  with reason: 5
2025-12-12 15:16:47.631: [INFO][SyncEngineBackend::DoFinishConfigureDataTypes] Failed to download types:  and succeeded types: 
2025-12-12 15:16:47.635: [INFO][Sync] ConfigurationDone, failed: , succeeded: , remaining count: 2
2025-12-12 15:16:47.635: [INFO][Sync] Prepare to configure types: Autofill Profiles, Autofill, Extension settings, Edge Wallet, Encryption Keys
2025-12-12 15:16:47.635: [INFO][SyncManagerImpl::ConfigureSyncer] Types to download: Autofill Profiles, Autofill, Extension settings, Edge Wallet, Encryption Keys with reason: 5
2025-12-12 15:16:47.635: [INFO][SyncSchedulerImpl::DoConfigurationSyncCycleJob] Blocked types:  and types to download: Autofill Profiles, Autofill, Extension settings, Edge Wallet, Encryption Keys
2025-12-12 15:16:47.947: [INFO][SyncEngineBackend::DoFinishConfigureDataTypes] Failed to download types:  and succeeded types: Autofill Profiles, Autofill, Extension settings, Edge Wallet, Encryption Keys
2025-12-12 15:16:47.948: [INFO][Sync] ConfigurationDone, failed: , succeeded: Autofill Profiles, Autofill, Extension settings, Edge Wallet, Encryption Keys, remaining count: 1
2025-12-12 15:16:47.950: [INFO][SyncManagerImpl::ConfigureSyncer] Types to download:  with reason: 5
2025-12-12 15:16:47.950: [INFO][SyncEngineBackend::DoFinishConfigureDataTypes] Failed to download types:  and succeeded types: 
2025-12-12 15:16:47.950: [INFO][Sync] ConfigurationDone, failed: , succeeded: , remaining count: 0
2025-12-12 15:16:47.951: [INFO][Sync]     Configuration completed, state: 7
2025-12-12 15:16:47.952: [INFO][Sync] Configured DataTypeManager: Ok
2025-12-12 15:16:47.955: [INFO][SyncEngineBackend::DoStartSyncing] Start syncing
2025-12-12 15:25:57.312: [INFO][Sync] Reset engine, reason: 0
2025-12-12 15:25:57.312: [INFO][Sync] Reset engine with reason: 0
2025-12-12 15:52:58.785: [INFO][Sync] SyncState after authenticated was: FeatureCanStart
2025-12-12 15:53:00.620: [INFO][SyncAuthManager::SetLastAuthError] Current auth error: None
2025-12-12 15:53:00.620: [INFO][SyncAuthManager::EdgeLogTokenErrorState] Token error with: None for account type: MSA
2025-12-12 15:53:00.620: [INFO][Sync] Credentials changed for: EdgeSyncKeyDataScope
2025-12-12 15:53:06.601: [INFO][Sync] Try to start sync engine
2025-12-12 15:53:06.644: [INFO][SyncManagerImpl::NudgeForInitialDownload] Initial download nudge for Encryption Keys
2025-12-12 15:53:06.644: [INFO][SyncEngineBackend::LoadAndConnectNigoriController] Load and connect Nigori controller
2025-12-12 15:53:06.644: [INFO][SyncEngineBackend::DoInitialize] Control Types added: Encryption Keys
2025-12-12 15:53:06.644: [INFO][SyncManagerImpl::ConfigureSyncer] Types to download: Encryption Keys with reason: 3
2025-12-12 15:53:06.644: [INFO][SyncEngineBackend::DoUpdateKeyDataCredentials] Update key data credentials
2025-12-12 15:53:06.644: [INFO][SyncSchedulerImpl::DoConfigurationSyncCycleJob] Configure job was blocked
2025-12-12 15:53:06.656: [INFO][SyncAuthManager::SetLastAuthError] Current auth error: None
2025-12-12 15:53:06.656: [INFO][SyncAuthManager::EdgeLogTokenErrorState] Token error with: None for account type: MSA
2025-12-12 15:53:06.656: [INFO][Sync] Credentials changed for: EdgeSyncScopeNew
2025-12-12 15:53:06.656: [INFO][SyncEngineBackend::DoUpdateCredentials] Update credentials
2025-12-12 15:53:06.656: [INFO][SyncEngineBackend::DoUpdateKeyDataCredentials] Update key data credentials
2025-12-12 15:53:06.656: [INFO][SyncSchedulerImpl::DoConfigurationSyncCycleJob] Blocked types:  and types to download: Encryption Keys
2025-12-12 15:53:07.332: [INFO][Sync] Started DataTypeManager configuration, reason: 4
2025-12-12 15:53:07.332: [INFO][Sync] Configuring for: Bookmarks, Preferences, Passwords, Autofill Profiles, Autofill, Extensions, Sessions, Extension settings, History Delete Directives, Device Info, User Consents, Send Tab To Self, Web Apps, History, Saved Tab Group, WebAuthn Credentials, Collection, Edge E Drop, Edge Hub App Usage, Edge Wallet, Encryption Keys, reason: 4, current state: 0
2025-12-12 15:53:07.332: [WARN][Sync] Crypto error data types: Passwords, Autofill Profiles, Autofill
2025-12-12 15:53:07.334: [INFO][Sync] Configure, desired: Bookmarks, Preferences, Extensions, Sessions, Extension settings, History Delete Directives, Device Info, User Consents, Send Tab To Self, Web Apps, History, Saved Tab Group, WebAuthn Credentials, Collection, Edge E Drop, Edge Hub App Usage, Edge Wallet, Encryption Keys; Allow fail: Passwords, Autofill Profiles, Autofill
2025-12-12 15:53:07.334: [INFO][Sync] Loading: Bookmarks
2025-12-12 15:53:07.334: [INFO][Sync] Loading: Preferences
2025-12-12 15:53:07.334: [INFO][Sync] Loading: Extensions
2025-12-12 15:53:07.334: [INFO][Sync] Loading: Sessions
2025-12-12 15:53:07.334: [INFO][Sync] Loading: Extension settings
2025-12-12 15:53:07.334: [INFO][Sync] Loading: History Delete Directives
2025-12-12 15:53:07.334: [INFO][Sync] Loading: Device Info
2025-12-12 15:53:07.334: [INFO][Sync] Loading: User Consents
2025-12-12 15:53:07.334: [INFO][Sync] Loading: Send Tab To Self
2025-12-12 15:53:07.334: [INFO][Sync] Loading: Web Apps
2025-12-12 15:53:07.334: [INFO][Sync] Loading: History
2025-12-12 15:53:07.334: [INFO][Sync] Loading: Saved Tab Group
2025-12-12 15:53:07.334: [INFO][Sync] Loading: WebAuthn Credentials
2025-12-12 15:53:07.334: [INFO][Sync] Loading: Collection
2025-12-12 15:53:07.334: [INFO][Sync] Loading: Edge E Drop
2025-12-12 15:53:07.334: [INFO][Sync] Loading: Edge Hub App Usage
2025-12-12 15:53:07.334: [INFO][Sync] Loading: Edge Wallet
2025-12-12 15:53:07.338: [INFO][Sync] All data types are ready for configure.
2025-12-12 15:53:07.809: [INFO][Sync] Started DataTypeManager configuration, reason: 5
2025-12-12 15:53:07.809: [INFO][Sync] Configuring for: Bookmarks, Preferences, Passwords, Autofill Profiles, Autofill, Extensions, Sessions, Extension settings, History Delete Directives, Device Info, User Consents, Send Tab To Self, Web Apps, History, Saved Tab Group, WebAuthn Credentials, Collection, Edge E Drop, Edge Hub App Usage, Edge Wallet, Encryption Keys, reason: 5, current state: 1
2025-12-12 15:53:07.810: [INFO][SyncEngineBackend::DoStartConfiguration] Start configuration
2025-12-12 15:53:07.810: [INFO][SyncManagerImpl::ConfigureSyncer] Types to download:  with reason: 4
2025-12-12 15:53:07.810: [INFO][SyncEngineBackend::DoFinishConfigureDataTypes] Failed to download types:  and succeeded types: 
2025-12-12 15:53:07.811: [INFO][Sync] ConfigurationDone, failed: , succeeded: , remaining count: 4
2025-12-12 15:53:07.811: [WARN][Sync]     Reconfigure requested while configuration ongoing.
2025-12-12 15:53:07.811: [INFO][Sync] Configuring for: Bookmarks, Preferences, Passwords, Autofill Profiles, Autofill, Extensions, Sessions, Extension settings, History Delete Directives, Device Info, User Consents, Send Tab To Self, Web Apps, History, Saved Tab Group, WebAuthn Credentials, Collection, Edge E Drop, Edge Hub App Usage, Edge Wallet, Encryption Keys, reason: 5, current state: 2
2025-12-12 15:53:07.811: [INFO][Sync] Configure, desired: Bookmarks, Preferences, Passwords, Autofill Profiles, Autofill, Extensions, Sessions, Extension settings, History Delete Directives, Device Info, User Consents, Send Tab To Self, Web Apps, History, Saved Tab Group, WebAuthn Credentials, Collection, Edge E Drop, Edge Hub App Usage, Edge Wallet, Encryption Keys; Allow fail: 
2025-12-12 15:53:07.811: [INFO][Sync] Loading: Passwords
2025-12-12 15:53:07.811: [INFO][Sync] Loading: Autofill Profiles
2025-12-12 15:53:07.811: [INFO][Sync] Loading: Autofill
2025-12-12 15:53:07.811: [INFO][Sync] All data types are ready for configure.
2025-12-12 15:53:07.811: [INFO][SyncManagerImpl::NudgeForInitialDownload] Initial download nudge for Passwords
2025-12-12 15:53:07.811: [INFO][SyncManagerImpl::ConfigureSyncer] Types to download:  with reason: 5
2025-12-12 15:53:07.811: [INFO][SyncEngineBackend::DoFinishConfigureDataTypes] Failed to download types:  and succeeded types: 
2025-12-12 15:53:07.811: [INFO][Sync] ConfigurationDone, failed: , succeeded: , remaining count: 4
2025-12-12 15:53:07.811: [INFO][Sync] Prepare to configure types: Passwords, Encryption Keys
2025-12-12 15:53:07.812: [INFO][SyncManagerImpl::ConfigureSyncer] Types to download: Passwords, Encryption Keys with reason: 5
2025-12-12 15:53:07.812: [INFO][SyncSchedulerImpl::DoConfigurationSyncCycleJob] Blocked types:  and types to download: Passwords, Encryption Keys
2025-12-12 15:53:08.013: [INFO][SyncEngineBackend::DoFinishConfigureDataTypes] Failed to download types:  and succeeded types: Passwords, Encryption Keys
2025-12-12 15:53:08.015: [INFO][Sync] ConfigurationDone, failed: , succeeded: Passwords, Encryption Keys, remaining count: 3
2025-12-12 15:53:08.015: [INFO][SyncManagerImpl::ConfigureSyncer] Types to download:  with reason: 5
2025-12-12 15:53:08.015: [INFO][SyncEngineBackend::DoFinishConfigureDataTypes] Failed to download types:  and succeeded types: 
2025-12-12 15:53:08.015: [INFO][Sync] ConfigurationDone, failed: , succeeded: , remaining count: 2
2025-12-12 15:53:08.015: [INFO][SyncManagerImpl::ConfigureSyncer] Types to download:  with reason: 5
2025-12-12 15:53:08.015: [INFO][SyncEngineBackend::DoFinishConfigureDataTypes] Failed to download types:  and succeeded types: 
2025-12-12 15:53:08.019: [INFO][Sync] ConfigurationDone, failed: , succeeded: , remaining count: 1
2025-12-12 15:53:08.020: [INFO][SyncManagerImpl::ConfigureSyncer] Types to download:  with reason: 5
2025-12-12 15:53:08.020: [INFO][SyncEngineBackend::DoFinishConfigureDataTypes] Failed to download types:  and succeeded types: 
2025-12-12 15:53:08.020: [INFO][Sync] ConfigurationDone, failed: , succeeded: , remaining count: 0
2025-12-12 15:53:08.022: [INFO][Sync]     Configuration completed, state: 7
2025-12-12 15:53:08.022: [INFO][Sync] Configured DataTypeManager: Ok
2025-12-12 15:53:08.025: [INFO][SyncEngineBackend::DoStartSyncing] Start syncing
2025-12-12 15:53:37.852: [INFO][Sync] Reset engine, reason: 0
2025-12-12 15:53:37.852: [INFO][Sync] Reset engine with reason: 0
2025-12-12 16:28:23.666: [INFO][Sync] SyncState after authenticated was: FeatureCanStart
2025-12-12 16:28:24.956: [INFO][SyncAuthManager::SetLastAuthError] Current auth error: None
2025-12-12 16:28:24.956: [INFO][SyncAuthManager::EdgeLogTokenErrorState] Token error with: None for account type: MSA
2025-12-12 16:28:24.956: [INFO][Sync] Credentials changed for: EdgeSyncKeyDataScope
2025-12-12 16:28:33.771: [INFO][Sync] Try to start sync engine
2025-12-12 16:28:33.774: [INFO][SyncManagerImpl::NudgeForInitialDownload] Initial download nudge for Encryption Keys
2025-12-12 16:28:33.774: [INFO][SyncEngineBackend::LoadAndConnectNigoriController] Load and connect Nigori controller
2025-12-12 16:28:33.774: [INFO][SyncEngineBackend::DoInitialize] Control Types added: Encryption Keys
2025-12-12 16:28:33.774: [INFO][SyncManagerImpl::ConfigureSyncer] Types to download: Encryption Keys with reason: 3
2025-12-12 16:28:33.775: [INFO][SyncEngineBackend::DoUpdateKeyDataCredentials] Update key data credentials
2025-12-12 16:28:33.775: [INFO][SyncSchedulerImpl::DoConfigurationSyncCycleJob] Configure job was blocked
2025-12-12 16:28:33.838: [INFO][SyncAuthManager::SetLastAuthError] Current auth error: None
2025-12-12 16:28:33.838: [INFO][SyncAuthManager::EdgeLogTokenErrorState] Token error with: None for account type: MSA
2025-12-12 16:28:33.838: [INFO][Sync] Credentials changed for: EdgeSyncScopeNew
2025-12-12 16:28:33.838: [INFO][SyncEngineBackend::DoUpdateCredentials] Update credentials
2025-12-12 16:28:33.838: [INFO][SyncSchedulerImpl::DoConfigurationSyncCycleJob] Blocked types:  and types to download: Encryption Keys
2025-12-12 16:28:34.376: [INFO][SyncEngineBackend::DoUpdateKeyDataCredentials] Update key data credentials
2025-12-12 16:28:34.386: [INFO][Sync] Started DataTypeManager configuration, reason: 4
2025-12-12 16:28:34.386: [INFO][Sync] Configuring for: Bookmarks, Preferences, Passwords, Autofill Profiles, Autofill, Extensions, Sessions, Extension settings, History Delete Directives, Device Info, User Consents, Send Tab To Self, Web Apps, History, Saved Tab Group, WebAuthn Credentials, Collection, Edge E Drop, Edge Hub App Usage, Edge Wallet, Encryption Keys, reason: 4, current state: 0
2025-12-12 16:28:34.386: [WARN][Sync] Crypto error data types: Passwords, Autofill Profiles, Autofill
2025-12-12 16:28:34.391: [INFO][Sync] Configure, desired: Bookmarks, Preferences, Extensions, Sessions, Extension settings, History Delete Directives, Device Info, User Consents, Send Tab To Self, Web Apps, History, Saved Tab Group, WebAuthn Credentials, Collection, Edge E Drop, Edge Hub App Usage, Edge Wallet, Encryption Keys; Allow fail: Passwords, Autofill Profiles, Autofill
2025-12-12 16:28:34.391: [INFO][Sync] Loading: Bookmarks
2025-12-12 16:28:34.391: [INFO][Sync] Loading: Preferences
2025-12-12 16:28:34.391: [INFO][Sync] Loading: Extensions
2025-12-12 16:28:34.391: [INFO][Sync] Loading: Sessions
2025-12-12 16:28:34.391: [INFO][Sync] Loading: Extension settings
2025-12-12 16:28:34.391: [INFO][Sync] Loading: History Delete Directives
2025-12-12 16:28:34.392: [INFO][Sync] Loading: Device Info
2025-12-12 16:28:34.392: [INFO][Sync] Loading: User Consents
2025-12-12 16:28:34.392: [INFO][Sync] Loading: Send Tab To Self
2025-12-12 16:28:34.392: [INFO][Sync] Loading: Web Apps
2025-12-12 16:28:34.392: [INFO][Sync] Loading: History
2025-12-12 16:28:34.392: [INFO][Sync] Loading: Saved Tab Group
2025-12-12 16:28:34.392: [INFO][Sync] Loading: WebAuthn Credentials
2025-12-12 16:28:34.392: [INFO][Sync] Loading: Collection
2025-12-12 16:28:34.392: [INFO][Sync] Loading: Edge E Drop
2025-12-12 16:28:34.392: [INFO][Sync] Loading: Edge Hub App Usage
2025-12-12 16:28:34.392: [INFO][Sync] Loading: Edge Wallet
2025-12-12 16:28:34.400: [INFO][Sync] All data types are ready for configure.
2025-12-12 16:28:34.827: [INFO][Sync] Started DataTypeManager configuration, reason: 5
2025-12-12 16:28:34.827: [INFO][Sync] Configuring for: Bookmarks, Preferences, Passwords, Autofill Profiles, Autofill, Extensions, Sessions, Extension settings, History Delete Directives, Device Info, User Consents, Send Tab To Self, Web Apps, History, Saved Tab Group, WebAuthn Credentials, Collection, Edge E Drop, Edge Hub App Usage, Edge Wallet, Encryption Keys, reason: 5, current state: 1
2025-12-12 16:28:34.827: [INFO][SyncEngineBackend::DoStartConfiguration] Start configuration
2025-12-12 16:28:34.828: [INFO][SyncManagerImpl::ConfigureSyncer] Types to download:  with reason: 4
2025-12-12 16:28:34.828: [INFO][SyncEngineBackend::DoFinishConfigureDataTypes] Failed to download types:  and succeeded types: 
2025-12-12 16:28:34.829: [INFO][Sync] ConfigurationDone, failed: , succeeded: , remaining count: 4
2025-12-12 16:28:34.829: [WARN][Sync]     Reconfigure requested while configuration ongoing.
2025-12-12 16:28:34.829: [INFO][Sync] Configuring for: Bookmarks, Preferences, Passwords, Autofill Profiles, Autofill, Extensions, Sessions, Extension settings, History Delete Directives, Device Info, User Consents, Send Tab To Self, Web Apps, History, Saved Tab Group, WebAuthn Credentials, Collection, Edge E Drop, Edge Hub App Usage, Edge Wallet, Encryption Keys, reason: 5, current state: 2
2025-12-12 16:28:34.829: [INFO][Sync] Configure, desired: Bookmarks, Preferences, Passwords, Autofill Profiles, Autofill, Extensions, Sessions, Extension settings, History Delete Directives, Device Info, User Consents, Send Tab To Self, Web Apps, History, Saved Tab Group, WebAuthn Credentials, Collection, Edge E Drop, Edge Hub App Usage, Edge Wallet, Encryption Keys; Allow fail: 
2025-12-12 16:28:34.829: [INFO][Sync] Loading: Passwords
2025-12-12 16:28:34.829: [INFO][Sync] Loading: Autofill Profiles
2025-12-12 16:28:34.829: [INFO][Sync] Loading: Autofill
2025-12-12 16:28:34.835: [INFO][Sync] All data types are ready for configure.
2025-12-12 16:28:34.835: [INFO][SyncManagerImpl::NudgeForInitialDownload] Initial download nudge for Passwords
2025-12-12 16:28:34.835: [INFO][SyncManagerImpl::ConfigureSyncer] Types to download:  with reason: 5
2025-12-12 16:28:34.835: [INFO][SyncEngineBackend::DoFinishConfigureDataTypes] Failed to download types:  and succeeded types: 
2025-12-12 16:28:34.835: [INFO][Sync] ConfigurationDone, failed: , succeeded: , remaining count: 4
2025-12-12 16:28:34.836: [INFO][Sync] Prepare to configure types: Passwords, Encryption Keys
2025-12-12 16:28:34.836: [INFO][SyncManagerImpl::ConfigureSyncer] Types to download: Passwords, Encryption Keys with reason: 5
2025-12-12 16:28:34.836: [INFO][SyncSchedulerImpl::DoConfigurationSyncCycleJob] Blocked types:  and types to download: Passwords, Encryption Keys
2025-12-12 16:28:35.018: [INFO][SyncEngineBackend::DoFinishConfigureDataTypes] Failed to download types:  and succeeded types: Passwords, Encryption Keys
2025-12-12 16:28:35.022: [INFO][Sync] ConfigurationDone, failed: , succeeded: Passwords, Encryption Keys, remaining count: 3
2025-12-12 16:28:35.022: [INFO][SyncManagerImpl::ConfigureSyncer] Types to download:  with reason: 5
2025-12-12 16:28:35.022: [INFO][SyncEngineBackend::DoFinishConfigureDataTypes] Failed to download types:  and succeeded types: 
2025-12-12 16:28:35.022: [INFO][Sync] ConfigurationDone, failed: , succeeded: , remaining count: 2
2025-12-12 16:28:35.022: [INFO][SyncManagerImpl::ConfigureSyncer] Types to download:  with reason: 5
2025-12-12 16:28:35.022: [INFO][SyncEngineBackend::DoFinishConfigureDataTypes] Failed to download types:  and succeeded types: 
2025-12-12 16:28:35.030: [INFO][Sync] ConfigurationDone, failed: , succeeded: , remaining count: 1
2025-12-12 16:28:35.034: [INFO][SyncManagerImpl::ConfigureSyncer] Types to download:  with reason: 5
2025-12-12 16:28:35.034: [INFO][SyncEngineBackend::DoFinishConfigureDataTypes] Failed to download types:  and succeeded types: 
2025-12-12 16:28:35.034: [INFO][Sync] ConfigurationDone, failed: , succeeded: , remaining count: 0
2025-12-12 16:28:35.039: [INFO][Sync]     Configuration completed, state: 7
2025-12-12 16:28:35.039: [INFO][Sync] Configured DataTypeManager: Ok
2025-12-12 16:28:35.044: [INFO][SyncEngineBackend::DoStartSyncing] Start syncing
2025-12-12 16:29:30.835: [INFO][Sync] Reset engine, reason: 0
2025-12-12 16:29:30.835: [INFO][Sync] Reset engine with reason: 0
2025-12-13 07:27:50.229: [INFO][Sync] SyncState after authenticated was: FeatureCanStart
2025-12-13 07:27:51.474: [INFO][SyncAuthManager::SetLastAuthError] Current auth error: None
2025-12-13 07:27:51.474: [INFO][SyncAuthManager::EdgeLogTokenErrorState] Token error with: None for account type: MSA
2025-12-13 07:27:51.474: [INFO][Sync] Credentials changed for: EdgeSyncKeyDataScope
2025-12-13 07:27:59.789: [INFO][Sync] Try to start sync engine
2025-12-13 07:27:59.805: [INFO][SyncManagerImpl::NudgeForInitialDownload] Initial download nudge for Encryption Keys
2025-12-13 07:27:59.805: [INFO][SyncEngineBackend::LoadAndConnectNigoriController] Load and connect Nigori controller
2025-12-13 07:27:59.805: [INFO][SyncEngineBackend::DoInitialize] Control Types added: Encryption Keys
2025-12-13 07:27:59.805: [INFO][SyncManagerImpl::ConfigureSyncer] Types to download: Encryption Keys with reason: 3
2025-12-13 07:27:59.806: [INFO][SyncEngineBackend::DoUpdateKeyDataCredentials] Update key data credentials
2025-12-13 07:27:59.806: [INFO][SyncSchedulerImpl::DoConfigurationSyncCycleJob] Configure job was blocked
2025-12-13 07:28:00.572: [INFO][SyncAuthManager::SetLastAuthError] Current auth error: None
2025-12-13 07:28:00.572: [INFO][SyncAuthManager::EdgeLogTokenErrorState] Token error with: None for account type: MSA
2025-12-13 07:28:00.572: [INFO][Sync] Credentials changed for: EdgeSyncScopeNew
2025-12-13 07:28:00.572: [INFO][SyncEngineBackend::DoUpdateCredentials] Update credentials
2025-12-13 07:28:00.572: [INFO][SyncSchedulerImpl::DoConfigurationSyncCycleJob] Blocked types:  and types to download: Encryption Keys
2025-12-13 07:28:00.942: [INFO][SyncEngineBackend::DoUpdateKeyDataCredentials] Update key data credentials
2025-12-13 07:28:00.950: [INFO][Sync] Started DataTypeManager configuration, reason: 4
2025-12-13 07:28:00.950: [INFO][Sync] Configuring for: Bookmarks, Preferences, Passwords, Autofill Profiles, Autofill, Extensions, Sessions, Extension settings, History Delete Directives, Device Info, User Consents, Send Tab To Self, Web Apps, History, Saved Tab Group, WebAuthn Credentials, Collection, Edge E Drop, Edge Hub App Usage, Edge Wallet, Encryption Keys, reason: 4, current state: 0
2025-12-13 07:28:00.950: [WARN][Sync] Crypto error data types: Passwords, Autofill Profiles, Autofill
2025-12-13 07:28:00.954: [INFO][Sync] Configure, desired: Bookmarks, Preferences, Extensions, Sessions, Extension settings, History Delete Directives, Device Info, User Consents, Send Tab To Self, Web Apps, History, Saved Tab Group, WebAuthn Credentials, Collection, Edge E Drop, Edge Hub App Usage, Edge Wallet, Encryption Keys; Allow fail: Passwords, Autofill Profiles, Autofill
2025-12-13 07:28:00.954: [INFO][Sync] Loading: Bookmarks
2025-12-13 07:28:00.954: [INFO][Sync] Loading: Preferences
2025-12-13 07:28:00.954: [INFO][Sync] Loading: Extensions
2025-12-13 07:28:00.954: [INFO][Sync] Loading: Sessions
2025-12-13 07:28:00.955: [INFO][Sync] Loading: Extension settings
2025-12-13 07:28:00.955: [INFO][Sync] Loading: History Delete Directives
2025-12-13 07:28:00.956: [INFO][Sync] Loading: Device Info
2025-12-13 07:28:00.956: [INFO][Sync] Loading: User Consents
2025-12-13 07:28:00.956: [INFO][Sync] Loading: Send Tab To Self
2025-12-13 07:28:00.956: [INFO][Sync] Loading: Web Apps
2025-12-13 07:28:00.956: [INFO][Sync] Loading: History
2025-12-13 07:28:00.957: [INFO][Sync] Loading: Saved Tab Group
2025-12-13 07:28:00.957: [INFO][Sync] Loading: WebAuthn Credentials
2025-12-13 07:28:00.957: [INFO][Sync] Loading: Collection
2025-12-13 07:28:00.957: [INFO][Sync] Loading: Edge E Drop
2025-12-13 07:28:00.957: [INFO][Sync] Loading: Edge Hub App Usage
2025-12-13 07:28:00.957: [INFO][Sync] Loading: Edge Wallet
2025-12-13 07:28:00.974: [INFO][Sync] All data types are ready for configure.
2025-12-13 07:28:01.304: [INFO][Sync] Started DataTypeManager configuration, reason: 5
2025-12-13 07:28:01.304: [INFO][Sync] Configuring for: Bookmarks, Preferences, Passwords, Autofill Profiles, Autofill, Extensions, Sessions, Extension settings, History Delete Directives, Device Info, User Consents, Send Tab To Self, Web Apps, History, Saved Tab Group, WebAuthn Credentials, Collection, Edge E Drop, Edge Hub App Usage, Edge Wallet, Encryption Keys, reason: 5, current state: 1
2025-12-13 07:28:01.306: [INFO][SyncEngineBackend::DoStartConfiguration] Start configuration
2025-12-13 07:28:01.306: [INFO][SyncManagerImpl::ConfigureSyncer] Types to download:  with reason: 4
2025-12-13 07:28:01.306: [INFO][SyncEngineBackend::DoFinishConfigureDataTypes] Failed to download types:  and succeeded types: 
2025-12-13 07:28:01.308: [INFO][Sync] ConfigurationDone, failed: , succeeded: , remaining count: 4
2025-12-13 07:28:01.308: [WARN][Sync]     Reconfigure requested while configuration ongoing.
2025-12-13 07:28:01.308: [INFO][Sync] Configuring for: Bookmarks, Preferences, Passwords, Autofill Profiles, Autofill, Extensions, Sessions, Extension settings, History Delete Directives, Device Info, User Consents, Send Tab To Self, Web Apps, History, Saved Tab Group, WebAuthn Credentials, Collection, Edge E Drop, Edge Hub App Usage, Edge Wallet, Encryption Keys, reason: 5, current state: 2
2025-12-13 07:28:01.308: [INFO][Sync] Configure, desired: Bookmarks, Preferences, Passwords, Autofill Profiles, Autofill, Extensions, Sessions, Extension settings, History Delete Directives, Device Info, User Consents, Send Tab To Self, Web Apps, History, Saved Tab Group, WebAuthn Credentials, Collection, Edge E Drop, Edge Hub App Usage, Edge Wallet, Encryption Keys; Allow fail: 
2025-12-13 07:28:01.308: [INFO][Sync] Loading: Passwords
2025-12-13 07:28:01.308: [INFO][Sync] Loading: Autofill Profiles
2025-12-13 07:28:01.308: [INFO][Sync] Loading: Autofill
2025-12-13 07:28:01.315: [INFO][Sync] All data types are ready for configure.
2025-12-13 07:28:01.315: [INFO][SyncManagerImpl::NudgeForInitialDownload] Initial download nudge for Passwords
2025-12-13 07:28:01.316: [INFO][SyncManagerImpl::ConfigureSyncer] Types to download:  with reason: 5
2025-12-13 07:28:01.316: [INFO][SyncEngineBackend::DoFinishConfigureDataTypes] Failed to download types:  and succeeded types: 
2025-12-13 07:28:01.316: [INFO][Sync] ConfigurationDone, failed: , succeeded: , remaining count: 4
2025-12-13 07:28:01.316: [INFO][Sync] Prepare to configure types: Passwords, Encryption Keys
2025-12-13 07:28:01.316: [INFO][SyncManagerImpl::ConfigureSyncer] Types to download: Passwords, Encryption Keys with reason: 5
2025-12-13 07:28:01.316: [INFO][SyncSchedulerImpl::DoConfigurationSyncCycleJob] Blocked types:  and types to download: Passwords, Encryption Keys
2025-12-13 07:28:01.503: [INFO][SyncEngineBackend::DoFinishConfigureDataTypes] Failed to download types:  and succeeded types: Passwords, Encryption Keys
2025-12-13 07:28:01.506: [INFO][Sync] ConfigurationDone, failed: , succeeded: Passwords, Encryption Keys, remaining count: 3
2025-12-13 07:28:01.506: [INFO][SyncManagerImpl::ConfigureSyncer] Types to download:  with reason: 5
2025-12-13 07:28:01.506: [INFO][SyncEngineBackend::DoFinishConfigureDataTypes] Failed to download types:  and succeeded types: 
2025-12-13 07:28:01.506: [INFO][Sync] ConfigurationDone, failed: , succeeded: , remaining count: 2
2025-12-13 07:28:01.506: [INFO][SyncManagerImpl::ConfigureSyncer] Types to download:  with reason: 5
2025-12-13 07:28:01.506: [INFO][SyncEngineBackend::DoFinishConfigureDataTypes] Failed to download types:  and succeeded types: 
2025-12-13 07:28:01.506: [INFO][Sync] ConfigurationDone, failed: , succeeded: , remaining count: 1
2025-12-13 07:28:01.509: [INFO][SyncManagerImpl::ConfigureSyncer] Types to download:  with reason: 5
2025-12-13 07:28:01.509: [INFO][SyncEngineBackend::DoFinishConfigureDataTypes] Failed to download types:  and succeeded types: 
2025-12-13 07:28:01.509: [INFO][Sync] ConfigurationDone, failed: , succeeded: , remaining count: 0
2025-12-13 07:28:01.511: [INFO][Sync]     Configuration completed, state: 7
2025-12-13 07:28:01.512: [INFO][Sync] Configured DataTypeManager: Ok
2025-12-13 07:28:01.517: [INFO][SyncEngineBackend::DoStartSyncing] Start syncing
2025-12-13 07:28:53.536: [INFO][Sync] Reset engine, reason: 0
2025-12-13 07:28:53.536: [INFO][Sync] Reset engine with reason: 0
2025-12-16 07:38:53.551: [INFO][Sync] SyncState after authenticated was: FeatureCanStart
2025-12-16 07:38:55.499: [INFO][SyncAuthManager::SetLastAuthError] Current auth error: None
2025-12-16 07:38:55.499: [INFO][SyncAuthManager::EdgeLogTokenErrorState] Token error with: None for account type: MSA
2025-12-16 07:38:55.500: [INFO][Sync] Credentials changed for: EdgeSyncKeyDataScope
2025-12-16 07:39:03.650: [INFO][Sync] Try to start sync engine
2025-12-16 07:39:03.669: [INFO][SyncManagerImpl::NudgeForInitialDownload] Initial download nudge for Encryption Keys
2025-12-16 07:39:03.669: [INFO][SyncEngineBackend::LoadAndConnectNigoriController] Load and connect Nigori controller
2025-12-16 07:39:03.669: [INFO][SyncEngineBackend::DoInitialize] Control Types added: Encryption Keys
2025-12-16 07:39:03.669: [INFO][SyncManagerImpl::ConfigureSyncer] Types to download: Encryption Keys with reason: 3
2025-12-16 07:39:03.669: [INFO][SyncEngineBackend::DoUpdateKeyDataCredentials] Update key data credentials
2025-12-16 07:39:03.669: [INFO][SyncSchedulerImpl::DoConfigurationSyncCycleJob] Configure job was blocked
2025-12-16 07:39:04.606: [INFO][SyncAuthManager::SetLastAuthError] Current auth error: None
2025-12-16 07:39:04.606: [INFO][SyncAuthManager::EdgeLogTokenErrorState] Token error with: None for account type: MSA
2025-12-16 07:39:04.606: [INFO][Sync] Credentials changed for: EdgeSyncScopeNew
2025-12-16 07:39:04.606: [INFO][SyncEngineBackend::DoUpdateCredentials] Update credentials
2025-12-16 07:39:04.606: [INFO][SyncEngineBackend::DoUpdateKeyDataCredentials] Update key data credentials
2025-12-16 07:39:04.606: [INFO][SyncSchedulerImpl::DoConfigurationSyncCycleJob] Blocked types:  and types to download: Encryption Keys
2025-12-16 07:39:05.533: [INFO][Sync] Started DataTypeManager configuration, reason: 4
2025-12-16 07:39:05.533: [INFO][Sync] Configuring for: Bookmarks, Preferences, Passwords, Autofill Profiles, Autofill, Extensions, Sessions, Extension settings, History Delete Directives, Device Info, User Consents, Send Tab To Self, Web Apps, History, Saved Tab Group, WebAuthn Credentials, Collection, Edge E Drop, Edge Hub App Usage, Edge Wallet, Encryption Keys, reason: 4, current state: 0
2025-12-16 07:39:05.533: [WARN][Sync] Crypto error data types: Passwords, Autofill Profiles, Autofill
2025-12-16 07:39:05.537: [INFO][Sync] Configure, desired: Bookmarks, Preferences, Extensions, Sessions, Extension settings, History Delete Directives, Device Info, User Consents, Send Tab To Self, Web Apps, History, Saved Tab Group, WebAuthn Credentials, Collection, Edge E Drop, Edge Hub App Usage, Edge Wallet, Encryption Keys; Allow fail: Passwords, Autofill Profiles, Autofill
2025-12-16 07:39:05.537: [INFO][Sync] Loading: Bookmarks
2025-12-16 07:39:05.537: [INFO][Sync] Loading: Preferences
2025-12-16 07:39:05.538: [INFO][Sync] Loading: Extensions
2025-12-16 07:39:05.539: [INFO][Sync] Loading: Sessions
2025-12-16 07:39:05.539: [INFO][Sync] Loading: Extension settings
2025-12-16 07:39:05.539: [INFO][Sync] Loading: History Delete Directives
2025-12-16 07:39:05.540: [INFO][Sync] Loading: Device Info
2025-12-16 07:39:05.541: [INFO][Sync] Loading: User Consents
2025-12-16 07:39:05.541: [INFO][Sync] Loading: Send Tab To Self
2025-12-16 07:39:05.541: [INFO][Sync] Loading: Web Apps
2025-12-16 07:39:05.541: [INFO][Sync] Loading: History
2025-12-16 07:39:05.542: [INFO][Sync] Loading: Saved Tab Group
2025-12-16 07:39:05.542: [INFO][Sync] Loading: WebAuthn Credentials
2025-12-16 07:39:05.542: [INFO][Sync] Loading: Collection
2025-12-16 07:39:05.542: [INFO][Sync] Loading: Edge E Drop
2025-12-16 07:39:05.542: [INFO][Sync] Loading: Edge Hub App Usage
2025-12-16 07:39:05.542: [INFO][Sync] Loading: Edge Wallet
2025-12-16 07:39:05.567: [INFO][Sync] All data types are ready for configure.
2025-12-16 07:39:06.419: [INFO][SyncEngineBackend::DoStartConfiguration] Start configuration
2025-12-16 07:39:06.420: [INFO][SyncManagerImpl::ConfigureSyncer] Types to download:  with reason: 4
2025-12-16 07:39:06.420: [INFO][SyncEngineBackend::DoFinishConfigureDataTypes] Failed to download types:  and succeeded types: 
2025-12-16 07:39:06.420: [INFO][Sync] Started DataTypeManager configuration, reason: 5
2025-12-16 07:39:06.421: [INFO][Sync] Configuring for: Bookmarks, Preferences, Passwords, Autofill Profiles, Autofill, Extensions, Sessions, Extension settings, History Delete Directives, Device Info, User Consents, Send Tab To Self, Web Apps, History, Saved Tab Group, WebAuthn Credentials, Collection, Edge E Drop, Edge Hub App Usage, Edge Wallet, Encryption Keys, reason: 5, current state: 1
2025-12-16 07:39:06.424: [INFO][Sync] ConfigurationDone, failed: , succeeded: , remaining count: 4
2025-12-16 07:39:06.424: [WARN][Sync]     Reconfigure requested while configuration ongoing.
2025-12-16 07:39:06.424: [INFO][Sync] Configuring for: Bookmarks, Preferences, Passwords, Autofill Profiles, Autofill, Extensions, Sessions, Extension settings, History Delete Directives, Device Info, User Consents, Send Tab To Self, Web Apps, History, Saved Tab Group, WebAuthn Credentials, Collection, Edge E Drop, Edge Hub App Usage, Edge Wallet, Encryption Keys, reason: 5, current state: 2
2025-12-16 07:39:06.424: [INFO][Sync] Configure, desired: Bookmarks, Preferences, Passwords, Autofill Profiles, Autofill, Extensions, Sessions, Extension settings, History Delete Directives, Device Info, User Consents, Send Tab To Self, Web Apps, History, Saved Tab Group, WebAuthn Credentials, Collection, Edge E Drop, Edge Hub App Usage, Edge Wallet, Encryption Keys; Allow fail: 
2025-12-16 07:39:06.424: [INFO][Sync] Loading: Passwords
2025-12-16 07:39:06.424: [INFO][Sync] Loading: Autofill Profiles
2025-12-16 07:39:06.424: [INFO][Sync] Loading: Autofill
2025-12-16 07:39:06.425: [INFO][Sync] All data types are ready for configure.
2025-12-16 07:39:06.425: [INFO][SyncManagerImpl::NudgeForInitialDownload] Initial download nudge for Passwords
2025-12-16 07:39:06.425: [INFO][SyncManagerImpl::ConfigureSyncer] Types to download:  with reason: 5
2025-12-16 07:39:06.425: [INFO][SyncEngineBackend::DoFinishConfigureDataTypes] Failed to download types:  and succeeded types: 
2025-12-16 07:39:06.425: [INFO][Sync] ConfigurationDone, failed: , succeeded: , remaining count: 4
2025-12-16 07:39:06.425: [INFO][Sync] Prepare to configure types: Passwords, Encryption Keys
2025-12-16 07:39:06.425: [INFO][SyncManagerImpl::ConfigureSyncer] Types to download: Passwords, Encryption Keys with reason: 5
2025-12-16 07:39:06.425: [INFO][SyncSchedulerImpl::DoConfigurationSyncCycleJob] Blocked types:  and types to download: Passwords, Encryption Keys
2025-12-16 07:39:07.343: [INFO][SyncEngineBackend::DoFinishConfigureDataTypes] Failed to download types:  and succeeded types: Passwords, Encryption Keys
2025-12-16 07:39:07.346: [INFO][Sync] ConfigurationDone, failed: , succeeded: Passwords, Encryption Keys, remaining count: 3
2025-12-16 07:39:07.346: [INFO][SyncManagerImpl::ConfigureSyncer] Types to download:  with reason: 5
2025-12-16 07:39:07.346: [INFO][SyncEngineBackend::DoFinishConfigureDataTypes] Failed to download types:  and succeeded types: 
2025-12-16 07:39:07.346: [INFO][Sync] ConfigurationDone, failed: , succeeded: , remaining count: 2
2025-12-16 07:39:07.346: [INFO][SyncManagerImpl::ConfigureSyncer] Types to download:  with reason: 5
2025-12-16 07:39:07.346: [INFO][SyncEngineBackend::DoFinishConfigureDataTypes] Failed to download types:  and succeeded types: 
2025-12-16 07:39:07.346: [INFO][Sync] ConfigurationDone, failed: , succeeded: , remaining count: 1
2025-12-16 07:39:07.349: [INFO][SyncManagerImpl::ConfigureSyncer] Types to download:  with reason: 5
2025-12-16 07:39:07.349: [INFO][SyncEngineBackend::DoFinishConfigureDataTypes] Failed to download types:  and succeeded types: 
2025-12-16 07:39:07.353: [INFO][Sync] ConfigurationDone, failed: , succeeded: , remaining count: 0
2025-12-16 07:39:07.355: [INFO][Sync]     Configuration completed, state: 7
2025-12-16 07:39:07.355: [INFO][Sync] Configured DataTypeManager: Ok
2025-12-16 07:39:07.358: [INFO][SyncEngineBackend::DoStartSyncing] Start syncing
2025-12-16 08:22:25.264: [INFO][Sync] Reset engine, reason: 0
2025-12-16 08:22:25.264: [INFO][Sync] Reset engine with reason: 0
2026-01-23 16:33:27.975: [INFO][Sync] SyncState after authenticated was: FeatureCanStart
2026-01-23 16:33:28.232: [INFO][SyncAuthManager::EdgeLogTokenErrorState] Token error with: EDGE_AUTH_ERROR: 3, 49, 0 for account type: MSA
2026-01-23 16:33:28.232: [INFO][Sync] Credentials changed for: EdgeSyncKeyDataScope
2026-01-23 16:33:28.264: [INFO][SyncAuthManager::EdgeLogTokenErrorState] Token error with: EDGE_AUTH_ERROR: 3, 49, 0 for account type: MSA
2026-01-23 16:33:28.264: [INFO][Sync] Credentials changed for: EdgeSyncKeyDataScope
2026-01-23 16:33:29.911: [INFO][SyncAuthManager::EdgeLogTokenErrorState] Token error with: EDGE_AUTH_ERROR: 3, 49, 0 for account type: MSA
2026-01-23 16:33:29.911: [INFO][Sync] Credentials changed for: EdgeSyncKeyDataScope
2026-01-23 16:33:33.829: [INFO][SyncAuthManager::EdgeLogTokenErrorState] Token error with: EDGE_AUTH_ERROR: 3, 49, 0 for account type: MSA
2026-01-23 16:33:33.829: [INFO][Sync] Credentials changed for: EdgeSyncKeyDataScope
2026-01-23 16:33:37.265: [INFO][Sync] Try to start sync engine
2026-01-23 16:33:37.281: [INFO][SyncAuthManager::EdgeLogTokenErrorState] Token error with: EDGE_AUTH_ERROR: 3, 49, 0 for account type: MSA
2026-01-23 16:33:37.281: [INFO][Sync] Credentials changed for: EdgeSyncScopeNew
2026-01-23 16:33:37.281: [WARN][Sync]    Token is empty
2026-01-23 16:33:37.281: [INFO][SyncManagerImpl::NudgeForInitialDownload] Initial download nudge for Encryption Keys
2026-01-23 16:33:37.281: [INFO][SyncEngineBackend::LoadAndConnectNigoriController] Load and connect Nigori controller
2026-01-23 16:33:37.281: [INFO][SyncEngineBackend::DoInitialize] Control Types added: Encryption Keys
2026-01-23 16:33:37.282: [INFO][SyncManagerImpl::ConfigureSyncer] Types to download: Encryption Keys with reason: 3
2026-01-23 16:33:37.282: [INFO][SyncSchedulerImpl::DoConfigurationSyncCycleJob] Configure job was blocked
2026-01-23 16:33:37.283: [INFO][Sync] Connection status changed to: 2
2026-01-23 16:33:37.289: [INFO][SyncAuthManager::EdgeLogTokenErrorState] Token error with: EDGE_AUTH_ERROR: 3, 49, 0 for account type: MSA
2026-01-23 16:33:37.289: [INFO][Sync] Credentials changed for: EdgeSyncScopeNew
2026-01-23 16:33:37.289: [WARN][Sync]    Token is empty
2026-01-23 16:33:37.290: [INFO][Sync] Connection status changed to: 2
2026-01-23 16:33:39.191: [INFO][SyncAuthManager::EdgeLogTokenErrorState] Token error with: EDGE_AUTH_ERROR: 3, 49, 0 for account type: MSA
2026-01-23 16:33:39.191: [INFO][Sync] Credentials changed for: EdgeSyncScopeNew
2026-01-23 16:33:39.191: [WARN][Sync]    Token is empty
2026-01-23 16:33:39.192: [INFO][Sync] Connection status changed to: 2
2026-01-23 16:33:40.702: [INFO][SyncAuthManager::EdgeLogTokenErrorState] Token error with: EDGE_AUTH_ERROR: 3, 49, 0 for account type: MSA
2026-01-23 16:33:40.702: [INFO][Sync] Credentials changed for: EdgeSyncKeyDataScope
2026-01-23 16:33:42.953: [INFO][SyncAuthManager::EdgeLogTokenErrorState] Token error with: EDGE_AUTH_ERROR: 3, 49, 0 for account type: MSA
2026-01-23 16:33:42.953: [INFO][Sync] Credentials changed for: EdgeSyncScopeNew
2026-01-23 16:33:42.953: [WARN][Sync]    Token is empty
2026-01-23 16:33:42.956: [INFO][Sync] Connection status changed to: 2
2026-01-23 16:33:50.241: [INFO][SyncAuthManager::EdgeLogTokenErrorState] Token error with: EDGE_AUTH_ERROR: 3, 49, 0 for account type: MSA
2026-01-23 16:33:50.241: [INFO][Sync] Credentials changed for: EdgeSyncScopeNew
2026-01-23 16:33:50.241: [WARN][Sync]    Token is empty
2026-01-23 16:33:50.245: [INFO][Sync] Connection status changed to: 2
2026-01-23 16:33:54.396: [INFO][SyncAuthManager::EdgeLogTokenErrorState] Token error with: EDGE_AUTH_ERROR: 3, 49, 0 for account type: MSA
2026-01-23 16:33:54.396: [INFO][Sync] Credentials changed for: EdgeSyncKeyDataScope
2026-01-23 16:34:06.081: [INFO][SyncAuthManager::EdgeLogTokenErrorState] Token error with: EDGE_AUTH_ERROR: 3, 49, 0 for account type: MSA
2026-01-23 16:34:06.081: [INFO][Sync] Credentials changed for: EdgeSyncScopeNew
2026-01-23 16:34:06.081: [WARN][Sync]    Token is empty
2026-01-23 16:34:06.086: [INFO][Sync] Connection status changed to: 2
2026-01-23 16:34:21.291: [INFO][SyncAuthManager::EdgeLogTokenErrorState] Token error with: EDGE_AUTH_ERROR: 3, 49, 0 for account type: MSA
2026-01-23 16:34:21.291: [INFO][Sync] Credentials changed for: EdgeSyncKeyDataScope
2026-01-23 16:34:35.413: [INFO][SyncAuthManager::EdgeLogTokenErrorState] Token error with: EDGE_AUTH_ERROR: 3, 49, 0 for account type: MSA
2026-01-23 16:34:35.414: [INFO][Sync] Credentials changed for: EdgeSyncScopeNew
2026-01-23 16:34:35.414: [WARN][Sync]    Token is empty
2026-01-23 16:34:35.418: [INFO][Sync] Connection status changed to: 2
2026-01-23 16:35:15.303: [INFO][SyncAuthManager::EdgeLogTokenErrorState] Token error with: EDGE_AUTH_ERROR: 3, 49, 0 for account type: MSA
2026-01-23 16:35:15.303: [INFO][Sync] Credentials changed for: EdgeSyncKeyDataScope
2026-01-23 16:35:31.153: [INFO][SyncAuthManager::EdgeLogTokenErrorState] Token error with: EDGE_AUTH_ERROR: 3, 49, 0 for account type: MSA
2026-01-23 16:35:31.153: [INFO][Sync] Credentials changed for: EdgeSyncScopeNew
2026-01-23 16:35:31.153: [WARN][Sync]    Token is empty
2026-01-23 16:35:31.156: [INFO][Sync] Connection status changed to: 2
2026-01-23 16:37:15.492: [INFO][SyncAuthManager::EdgeLogTokenErrorState] Token error with: EDGE_AUTH_ERROR: 3, 49, 0 for account type: MSA
2026-01-23 16:37:15.493: [INFO][Sync] Credentials changed for: EdgeSyncKeyDataScope
2026-01-23 16:37:36.073: [INFO][SyncAuthManager::EdgeLogTokenErrorState] Token error with: EDGE_AUTH_ERROR: 3, 49, 0 for account type: MSA
2026-01-23 16:37:36.073: [INFO][Sync] Credentials changed for: EdgeSyncScopeNew
2026-01-23 16:37:36.073: [WARN][Sync]    Token is empty
2026-01-23 16:37:36.078: [INFO][Sync] Connection status changed to: 2
2026-01-23 16:40:49.587: [INFO][SyncAuthManager::EdgeLogTokenErrorState] Token error with: EDGE_AUTH_ERROR: 3, 49, 0 for account type: MSA
2026-01-23 16:40:49.587: [INFO][Sync] Credentials changed for: EdgeSyncKeyDataScope
2026-01-23 16:41:49.747: [INFO][SyncAuthManager::EdgeLogTokenErrorState] Token error with: EDGE_AUTH_ERROR: 3, 49, 0 for account type: MSA
2026-01-23 16:41:49.748: [INFO][Sync] Credentials changed for: EdgeSyncScopeNew
2026-01-23 16:41:49.748: [WARN][Sync]    Token is empty
2026-01-23 16:41:49.753: [INFO][Sync] Connection status changed to: 2
2026-01-23 16:48:52.795: [INFO][SyncAuthManager::EdgeLogTokenErrorState] Token error with: EDGE_AUTH_ERROR: 3, 49, 0 for account type: MSA
2026-01-23 16:48:52.795: [INFO][Sync] Credentials changed for: EdgeSyncScopeNew
2026-01-23 16:48:52.795: [WARN][Sync]    Token is empty
2026-01-23 16:48:52.799: [INFO][Sync] Connection status changed to: 2
2026-01-23 16:49:05.443: [INFO][SyncAuthManager::EdgeLogTokenErrorState] Token error with: EDGE_AUTH_ERROR: 3, 49, 0 for account type: MSA
2026-01-23 16:49:05.443: [INFO][Sync] Credentials changed for: EdgeSyncKeyDataScope
2026-01-23 17:00:34.361: [INFO][Sync] Reset engine, reason: 0
2026-01-23 17:00:34.361: [INFO][Sync] Reset engine with reason: 0
2026-01-24 08:19:35.734: [INFO][Sync] SyncState after authenticated was: FeatureCanStart
2026-01-24 08:19:35.974: [INFO][SyncAuthManager::EdgeLogTokenErrorState] Token error with: EDGE_AUTH_ERROR: 3, 49, 0 for account type: MSA
2026-01-24 08:19:35.974: [INFO][Sync] Credentials changed for: EdgeSyncKeyDataScope
2026-01-24 08:19:35.992: [INFO][SyncAuthManager::EdgeLogTokenErrorState] Token error with: EDGE_AUTH_ERROR: 3, 49, 0 for account type: MSA
2026-01-24 08:19:35.992: [INFO][Sync] Credentials changed for: EdgeSyncKeyDataScope
2026-01-24 08:19:37.911: [INFO][SyncAuthManager::EdgeLogTokenErrorState] Token error with: EDGE_AUTH_ERROR: 3, 49, 0 for account type: MSA
2026-01-24 08:19:37.911: [INFO][Sync] Credentials changed for: EdgeSyncKeyDataScope
2026-01-24 08:19:41.344: [INFO][SyncAuthManager::EdgeLogTokenErrorState] Token error with: EDGE_AUTH_ERROR: 3, 49, 0 for account type: MSA
2026-01-24 08:19:41.344: [INFO][Sync] Credentials changed for: EdgeSyncKeyDataScope
2026-01-24 08:19:44.252: [INFO][Sync] Try to start sync engine
2026-01-24 08:19:44.253: [INFO][SyncAuthManager::EdgeLogTokenErrorState] Token error with: EDGE_AUTH_ERROR: 3, 49, 0 for account type: MSA
2026-01-24 08:19:44.253: [INFO][Sync] Credentials changed for: EdgeSyncScopeNew
2026-01-24 08:19:44.253: [WARN][Sync]    Token is empty
2026-01-24 08:19:44.253: [INFO][SyncManagerImpl::NudgeForInitialDownload] Initial download nudge for Encryption Keys
2026-01-24 08:19:44.254: [INFO][SyncEngineBackend::LoadAndConnectNigoriController] Load and connect Nigori controller
2026-01-24 08:19:44.254: [INFO][SyncEngineBackend::DoInitialize] Control Types added: Encryption Keys
2026-01-24 08:19:44.254: [INFO][SyncManagerImpl::ConfigureSyncer] Types to download: Encryption Keys with reason: 3
2026-01-24 08:19:44.254: [INFO][SyncSchedulerImpl::DoConfigurationSyncCycleJob] Configure job was blocked
2026-01-24 08:19:44.255: [INFO][Sync] Connection status changed to: 2
2026-01-24 08:19:44.258: [INFO][SyncAuthManager::EdgeLogTokenErrorState] Token error with: EDGE_AUTH_ERROR: 3, 49, 0 for account type: MSA
2026-01-24 08:19:44.258: [INFO][Sync] Credentials changed for: EdgeSyncScopeNew
2026-01-24 08:19:44.258: [WARN][Sync]    Token is empty
2026-01-24 08:19:44.259: [INFO][Sync] Connection status changed to: 2
2026-01-24 08:19:46.043: [INFO][SyncAuthManager::EdgeLogTokenErrorState] Token error with: EDGE_AUTH_ERROR: 3, 49, 0 for account type: MSA
2026-01-24 08:19:46.043: [INFO][Sync] Credentials changed for: EdgeSyncScopeNew
2026-01-24 08:19:46.043: [WARN][Sync]    Token is empty
2026-01-24 08:19:46.044: [INFO][Sync] Connection status changed to: 2
2026-01-24 08:19:48.526: [INFO][SyncAuthManager::EdgeLogTokenErrorState] Token error with: EDGE_AUTH_ERROR: 3, 49, 0 for account type: MSA
2026-01-24 08:19:48.526: [INFO][Sync] Credentials changed for: EdgeSyncKeyDataScope
2026-01-24 08:19:49.690: [INFO][SyncAuthManager::EdgeLogTokenErrorState] Token error with: EDGE_AUTH_ERROR: 3, 49, 0 for account type: MSA
2026-01-24 08:19:49.690: [INFO][Sync] Credentials changed for: EdgeSyncScopeNew
2026-01-24 08:19:49.690: [WARN][Sync]    Token is empty
2026-01-24 08:19:49.693: [INFO][Sync] Connection status changed to: 2
2026-01-24 08:19:56.434: [INFO][SyncAuthManager::EdgeLogTokenErrorState] Token error with: EDGE_AUTH_ERROR: 3, 49, 0 for account type: MSA
2026-01-24 08:19:56.434: [INFO][Sync] Credentials changed for: EdgeSyncScopeNew
2026-01-24 08:19:56.434: [WARN][Sync]    Token is empty
2026-01-24 08:19:56.436: [INFO][Sync] Connection status changed to: 2
2026-01-24 08:20:03.865: [INFO][SyncAuthManager::EdgeLogTokenErrorState] Token error with: EDGE_AUTH_ERROR: 3, 49, 0 for account type: MSA
2026-01-24 08:20:03.865: [INFO][Sync] Credentials changed for: EdgeSyncKeyDataScope
2026-01-24 08:20:10.425: [INFO][SyncAuthManager::EdgeLogTokenErrorState] Token error with: EDGE_AUTH_ERROR: 3, 49, 0 for account type: MSA
2026-01-24 08:20:10.425: [INFO][Sync] Credentials changed for: EdgeSyncScopeNew
2026-01-24 08:20:10.425: [WARN][Sync]    Token is empty
2026-01-24 08:20:10.427: [INFO][Sync] Connection status changed to: 2
2026-01-24 08:20:30.029: [INFO][SyncAuthManager::EdgeLogTokenErrorState] Token error with: EDGE_AUTH_ERROR: 3, 49, 0 for account type: MSA
2026-01-24 08:20:30.029: [INFO][Sync] Credentials changed for: EdgeSyncKeyDataScope
2026-01-24 08:20:39.090: [INFO][SyncAuthManager::EdgeLogTokenErrorState] Token error with: EDGE_AUTH_ERROR: 3, 49, 0 for account type: MSA
2026-01-24 08:20:39.090: [INFO][Sync] Credentials changed for: EdgeSyncScopeNew
2026-01-24 08:20:39.090: [WARN][Sync]    Token is empty
2026-01-24 08:20:39.093: [INFO][Sync] Connection status changed to: 2
2026-01-24 08:21:19.210: [INFO][Sync] Reset engine, reason: 0
2026-01-24 08:21:19.210: [INFO][Sync] Reset engine with reason: 0
2026-01-24 08:21:52.814: [INFO][Sync] Reset engine, reason: 8
2026-01-24 08:21:52.814: [INFO][Sync] Stopped: Bookmarks
2026-01-24 08:21:52.814: [INFO][Sync] Stopped: Preferences
2026-01-24 08:21:52.814: [INFO][Sync] Stopped: Passwords
2026-01-24 08:21:52.814: [INFO][Sync] Stopped: Autofill Profiles
2026-01-24 08:21:52.814: [INFO][Sync] Stopped: Autofill
2026-01-24 08:21:52.814: [INFO][Sync] Stopped: Extensions
2026-01-24 08:21:52.814: [INFO][Sync] Stopped: Sessions
2026-01-24 08:21:52.814: [INFO][Sync] Stopped: Extension settings
2026-01-24 08:21:52.814: [INFO][Sync] Stopped: History Delete Directives
2026-01-24 08:21:52.814: [INFO][Sync] Stopped: Device Info
2026-01-24 08:21:52.814: [INFO][Sync] Stopped: User Consents
2026-01-24 08:21:52.814: [INFO][Sync] Stopped: Send Tab To Self
2026-01-24 08:21:52.814: [INFO][Sync] Stopped: Web Apps
2026-01-24 08:21:52.814: [INFO][Sync] Stopped: History
2026-01-24 08:21:52.814: [INFO][Sync] Stopped: Saved Tab Group
2026-01-24 08:21:52.814: [INFO][Sync] Stopped: WebAuthn Credentials
2026-01-24 08:21:52.814: [INFO][Sync] Stopped: Collection
2026-01-24 08:21:52.814: [INFO][Sync] Stopped: Edge E Drop
2026-01-24 08:21:52.814: [INFO][Sync] Stopped: Edge Hub App Usage
2026-01-24 08:21:52.814: [INFO][Sync] Stopped: Edge Wallet
2026-01-24 08:21:52.814: [INFO][Sync] SyncState after authenticated was: NotSignedIn
2026-01-24 08:21:53.028: [INFO][Sync] Reset engine, reason: 8
2026-01-24 08:21:53.028: [INFO][Sync] Stopped: Bookmarks
2026-01-24 08:21:53.028: [INFO][Sync] Stopped: Preferences
2026-01-24 08:21:53.028: [INFO][Sync] Stopped: Passwords
2026-01-24 08:21:53.028: [INFO][Sync] Stopped: Autofill Profiles
2026-01-24 08:21:53.028: [INFO][Sync] Stopped: Autofill
2026-01-24 08:21:53.028: [INFO][Sync] Stopped: Extensions
2026-01-24 08:21:53.028: [INFO][Sync] Stopped: Sessions
2026-01-24 08:21:53.028: [INFO][Sync] Stopped: Extension settings
2026-01-24 08:21:53.028: [INFO][Sync] Stopped: History Delete Directives
2026-01-24 08:21:53.028: [INFO][Sync] Stopped: Device Info
2026-01-24 08:21:53.028: [INFO][Sync] Stopped: User Consents
2026-01-24 08:21:53.028: [INFO][Sync] Stopped: Send Tab To Self
2026-01-24 08:21:53.028: [INFO][Sync] Stopped: Web Apps
2026-01-24 08:21:53.028: [INFO][Sync] Stopped: History
2026-01-24 08:21:53.028: [INFO][Sync] Stopped: Saved Tab Group
2026-01-24 08:21:53.028: [INFO][Sync] Stopped: WebAuthn Credentials
2026-01-24 08:21:53.028: [INFO][Sync] Stopped: Collection
2026-01-24 08:21:53.028: [INFO][Sync] Stopped: Edge E Drop
2026-01-24 08:21:53.028: [INFO][Sync] Stopped: Edge Hub App Usage
2026-01-24 08:21:53.028: [INFO][Sync] Stopped: Edge Wallet
2026-01-24 08:23:28.979: [INFO][Sync] Reset engine, reason: 0
